29-May-2015 10:36:02.160 INFO [main] org.apache.catalina.startup.VersionLoggerListener.log Server version:        Apache Tomcat/8.0.21
29-May-2015 10:36:02.166 INFO [main] org.apache.catalina.startup.VersionLoggerListener.log Server built:          Mar 23 2015 14:11:21 UTC
29-May-2015 10:36:02.167 INFO [main] org.apache.catalina.startup.VersionLoggerListener.log Server number:         8.0.21.0
29-May-2015 10:36:02.167 INFO [main] org.apache.catalina.startup.VersionLoggerListener.log OS Name:               Windows 8
29-May-2015 10:36:02.168 INFO [main] org.apache.catalina.startup.VersionLoggerListener.log OS Version:            6.2
29-May-2015 10:36:02.168 INFO [main] org.apache.catalina.startup.VersionLoggerListener.log Architecture:          amd64
29-May-2015 10:36:02.169 INFO [main] org.apache.catalina.startup.VersionLoggerListener.log Java Home:             C:\Program Files\Java\jdk1.8.0_11\jre
29-May-2015 10:36:02.170 INFO [main] org.apache.catalina.startup.VersionLoggerListener.log JVM Version:           1.8.0_11-b12
29-May-2015 10:36:02.171 INFO [main] org.apache.catalina.startup.VersionLoggerListener.log JVM Vendor:            Oracle Corporation
29-May-2015 10:36:02.171 INFO [main] org.apache.catalina.startup.VersionLoggerListener.log CATALINA_BASE:         D:\eclipWindown\eclipse\apache-tomcat-8.0.21
29-May-2015 10:36:02.171 INFO [main] org.apache.catalina.startup.VersionLoggerListener.log CATALINA_HOME:         D:\eclipWindown\eclipse\apache-tomcat-8.0.21
29-May-2015 10:36:02.173 INFO [main] org.apache.catalina.startup.VersionLoggerListener.log Command line argument: -Dhttp.nonProxyHosts=localhost|127.0.0.1|DATK571102
29-May-2015 10:36:02.173 INFO [main] org.apache.catalina.startup.VersionLoggerListener.log Command line argument: -Djava.util.logging.config.file=D:\eclipWindown\eclipse\apache-tomcat-8.0.21\conf\logging.properties
29-May-2015 10:36:02.173 INFO [main] org.apache.catalina.startup.VersionLoggerListener.log Command line argument: -Djava.util.logging.manager=org.apache.juli.ClassLoaderLogManager
29-May-2015 10:36:02.174 INFO [main] org.apache.catalina.startup.VersionLoggerListener.log Command line argument: -Djava.endorsed.dirs=D:\eclipWindown\eclipse\apache-tomcat-8.0.21\endorsed
29-May-2015 10:36:02.174 INFO [main] org.apache.catalina.startup.VersionLoggerListener.log Command line argument: -Dcatalina.base=D:\eclipWindown\eclipse\apache-tomcat-8.0.21
29-May-2015 10:36:02.175 INFO [main] org.apache.catalina.startup.VersionLoggerListener.log Command line argument: -Dcatalina.home=D:\eclipWindown\eclipse\apache-tomcat-8.0.21
29-May-2015 10:36:02.175 INFO [main] org.apache.catalina.startup.VersionLoggerListener.log Command line argument: -Djava.io.tmpdir=D:\eclipWindown\eclipse\apache-tomcat-8.0.21\temp
29-May-2015 10:36:02.176 INFO [main] org.apache.catalina.core.AprLifecycleListener.lifecycleEvent The APR based Apache Tomcat Native library which allows optimal performance in production environments was not found on the java.library.path: C:\Program Files\Java\jdk1.8.0_11\bin;C:\Windows\Sun\Java\bin;C:\Windows\system32;C:\Windows;C:\DevProgram\Oracle11g\product\11.2.0\dbhome_1\bin;C:\Program Files (x86)\Intel\iCLS Client\;C:\Program Files\Intel\iCLS Client\;C:\Windows\system32;C:\Windows;C:\Windows\System32\Wbem;C:\Windows\System32\WindowsPowerShell\v1.0\;C:\Program Files\Intel\Intel(R) Management Engine Components\DAL;C:\Program Files\Intel\Intel(R) Management Engine Components\IPT;C:\Program Files (x86)\Intel\Intel(R) Management Engine Components\DAL;C:\Program Files (x86)\Intel\Intel(R) Management Engine Components\IPT;C:\Program Files (x86)\Intel\OpenCL SDK\3.0\bin\x86;C:\Program Files (x86)\Intel\OpenCL SDK\3.0\bin\x64;C:\Program Files\TortoiseSVN\bin;C:\Oracle;.
29-May-2015 10:36:02.836 INFO [main] org.apache.coyote.AbstractProtocol.init Initializing ProtocolHandler ["http-nio-8080"]
29-May-2015 10:36:02.952 INFO [main] org.apache.tomcat.util.net.NioSelectorPool.getSharedSelector Using a shared selector for servlet write/read
29-May-2015 10:36:02.959 INFO [main] org.apache.coyote.AbstractProtocol.init Initializing ProtocolHandler ["ajp-nio-8009"]
29-May-2015 10:36:02.964 INFO [main] org.apache.tomcat.util.net.NioSelectorPool.getSharedSelector Using a shared selector for servlet write/read
29-May-2015 10:36:02.965 INFO [main] org.apache.catalina.startup.Catalina.load Initialization processed in 2574 ms
29-May-2015 10:36:03.213 INFO [main] org.apache.catalina.core.StandardService.startInternal Starting service Catalina
29-May-2015 10:36:03.214 INFO [main] org.apache.catalina.core.StandardEngine.startInternal Starting Servlet Engine: Apache Tomcat/8.0.21
29-May-2015 10:36:03.271 INFO [localhost-startStop-1] org.apache.catalina.startup.HostConfig.deployDescriptor Deploying configuration descriptor D:\eclipWindown\eclipse\apache-tomcat-8.0.21\conf\Catalina\localhost\BKLibraryManagement.xml
29-May-2015 10:36:03.504 WARNING [localhost-startStop-1] org.apache.catalina.startup.SetContextPropertiesRule.begin [SetContextPropertiesRule]{Context} Setting property 'antiJARLocking' to 'true' did not find a matching property.
29-May-2015 10:36:15.732 INFO [localhost-startStop-1] org.apache.jasper.servlet.TldScanner.scanJars At least one JAR was scanned for TLDs yet contained no TLDs. Enable debug logging for this logger for a complete list of JARs that were scanned but no TLDs were found in them. Skipping unneeded JARs during scanning can improve startup time and JSP compilation time.
29-May-2015 10:36:15.969 INFO [localhost-startStop-1] org.springframework.web.context.ContextLoader.initWebApplicationContext Root WebApplicationContext: initialization started
29-May-2015 10:36:16.274 INFO [localhost-startStop-1] org.springframework.web.context.support.XmlWebApplicationContext.prepareRefresh Refreshing Root WebApplicationContext: startup date [Fri May 29 10:36:16 ICT 2015]; root of context hierarchy
29-May-2015 10:36:16.373 INFO [localhost-startStop-1] org.springframework.beans.factory.xml.XmlBeanDefinitionReader.loadBeanDefinitions Loading XML bean definitions from ServletContext resource [/WEB-INF/applicationContext.xml]
29-May-2015 10:36:17.672 INFO [localhost-startStop-1] org.springframework.context.support.PropertySourcesPlaceholderConfigurer.loadProperties Loading properties file from ServletContext resource [/WEB-INF/jdbc.properties]
29-May-2015 10:36:17.955 INFO [localhost-startStop-1] org.springframework.jdbc.datasource.DriverManagerDataSource.setDriverClassName Loaded JDBC driver: com.mysql.jdbc.Driver
29-May-2015 10:36:18.343 INFO [localhost-startStop-1] org.springframework.web.context.ContextLoader.initWebApplicationContext Root WebApplicationContext: initialization completed in 2370 ms
29-May-2015 10:36:18.581 INFO [localhost-startStop-1] org.apache.catalina.util.SessionIdGeneratorBase.createSecureRandom Creation of SecureRandom instance for session ID generation using [SHA1PRNG] took [236] milliseconds.
29-May-2015 10:36:19.250 INFO [localhost-startStop-1] com.opensymphony.xwork2.config.providers.XmlConfigurationProvider.info Parsing configuration file [struts-default.xml]
29-May-2015 10:36:19.562 INFO [localhost-startStop-1] com.opensymphony.xwork2.config.providers.XmlConfigurationProvider.info Parsing configuration file [struts-plugin.xml]
29-May-2015 10:36:19.828 INFO [localhost-startStop-1] com.opensymphony.xwork2.config.providers.XmlConfigurationProvider.info Parsing configuration file [struts.xml]
29-May-2015 10:36:19.835 INFO [localhost-startStop-1] org.apache.struts2.config.AbstractBeanSelectionProvider.info Choosing bean (spring) for (com.opensymphony.xwork2.ObjectFactory)
29-May-2015 10:36:19.835 INFO [localhost-startStop-1] org.apache.struts2.config.AbstractBeanSelectionProvider.info Choosing bean (struts) for (com.opensymphony.xwork2.factory.ActionFactory)
29-May-2015 10:36:19.836 INFO [localhost-startStop-1] org.apache.struts2.config.AbstractBeanSelectionProvider.info Choosing bean (struts) for (com.opensymphony.xwork2.factory.ResultFactory)
29-May-2015 10:36:19.836 INFO [localhost-startStop-1] org.apache.struts2.config.AbstractBeanSelectionProvider.info Choosing bean (struts) for (com.opensymphony.xwork2.factory.ConverterFactory)
29-May-2015 10:36:19.837 INFO [localhost-startStop-1] org.apache.struts2.config.AbstractBeanSelectionProvider.info Choosing bean (struts) for (com.opensymphony.xwork2.factory.InterceptorFactory)
29-May-2015 10:36:19.837 INFO [localhost-startStop-1] org.apache.struts2.config.AbstractBeanSelectionProvider.info Choosing bean (struts) for (com.opensymphony.xwork2.factory.ValidatorFactory)
29-May-2015 10:36:19.837 INFO [localhost-startStop-1] org.apache.struts2.config.AbstractBeanSelectionProvider.info Choosing bean (struts) for (com.opensymphony.xwork2.factory.UnknownHandlerFactory)
29-May-2015 10:36:19.838 INFO [localhost-startStop-1] org.apache.struts2.config.AbstractBeanSelectionProvider.info Choosing bean (struts) for (com.opensymphony.xwork2.FileManagerFactory)
29-May-2015 10:36:19.838 INFO [localhost-startStop-1] org.apache.struts2.config.AbstractBeanSelectionProvider.info Choosing bean (struts) for (com.opensymphony.xwork2.conversion.impl.XWorkConverter)
29-May-2015 10:36:19.838 INFO [localhost-startStop-1] org.apache.struts2.config.AbstractBeanSelectionProvider.info Choosing bean (struts) for (com.opensymphony.xwork2.conversion.impl.CollectionConverter)
29-May-2015 10:36:19.839 INFO [localhost-startStop-1] org.apache.struts2.config.AbstractBeanSelectionProvider.info Choosing bean (struts) for (com.opensymphony.xwork2.conversion.impl.ArrayConverter)
29-May-2015 10:36:19.839 INFO [localhost-startStop-1] org.apache.struts2.config.AbstractBeanSelectionProvider.info Choosing bean (struts) for (com.opensymphony.xwork2.conversion.impl.DateConverter)
29-May-2015 10:36:19.839 INFO [localhost-startStop-1] org.apache.struts2.config.AbstractBeanSelectionProvider.info Choosing bean (struts) for (com.opensymphony.xwork2.conversion.impl.NumberConverter)
29-May-2015 10:36:19.844 INFO [localhost-startStop-1] org.apache.struts2.config.AbstractBeanSelectionProvider.info Choosing bean (struts) for (com.opensymphony.xwork2.conversion.impl.StringConverter)
29-May-2015 10:36:19.844 INFO [localhost-startStop-1] org.apache.struts2.config.AbstractBeanSelectionProvider.info Choosing bean (struts) for (com.opensymphony.xwork2.conversion.ConversionPropertiesProcessor)
29-May-2015 10:36:19.845 INFO [localhost-startStop-1] org.apache.struts2.config.AbstractBeanSelectionProvider.info Choosing bean (struts) for (com.opensymphony.xwork2.conversion.ConversionFileProcessor)
29-May-2015 10:36:19.845 INFO [localhost-startStop-1] org.apache.struts2.config.AbstractBeanSelectionProvider.info Choosing bean (struts) for (com.opensymphony.xwork2.conversion.ConversionAnnotationProcessor)
29-May-2015 10:36:19.846 INFO [localhost-startStop-1] org.apache.struts2.config.AbstractBeanSelectionProvider.info Choosing bean (struts) for (com.opensymphony.xwork2.conversion.TypeConverterCreator)
29-May-2015 10:36:19.846 INFO [localhost-startStop-1] org.apache.struts2.config.AbstractBeanSelectionProvider.info Choosing bean (struts) for (com.opensymphony.xwork2.conversion.TypeConverterHolder)
29-May-2015 10:36:19.846 INFO [localhost-startStop-1] org.apache.struts2.config.AbstractBeanSelectionProvider.info Choosing bean (struts) for (com.opensymphony.xwork2.TextProvider)
29-May-2015 10:36:19.847 INFO [localhost-startStop-1] org.apache.struts2.config.AbstractBeanSelectionProvider.info Choosing bean (struts) for (com.opensymphony.xwork2.LocaleProvider)
29-May-2015 10:36:19.847 INFO [localhost-startStop-1] org.apache.struts2.config.AbstractBeanSelectionProvider.info Choosing bean (struts) for (com.opensymphony.xwork2.ActionProxyFactory)
29-May-2015 10:36:19.848 INFO [localhost-startStop-1] org.apache.struts2.config.AbstractBeanSelectionProvider.info Choosing bean (struts) for (com.opensymphony.xwork2.conversion.ObjectTypeDeterminer)
29-May-2015 10:36:19.851 INFO [localhost-startStop-1] org.apache.struts2.config.AbstractBeanSelectionProvider.info Choosing bean (struts) for (org.apache.struts2.dispatcher.mapper.ActionMapper)
29-May-2015 10:36:19.856 INFO [localhost-startStop-1] org.apache.struts2.config.AbstractBeanSelectionProvider.info Choosing bean (jakarta) for (org.apache.struts2.dispatcher.multipart.MultiPartRequest)
29-May-2015 10:36:19.857 INFO [localhost-startStop-1] org.apache.struts2.config.AbstractBeanSelectionProvider.info Choosing bean (struts) for (org.apache.struts2.views.freemarker.FreemarkerManager)
29-May-2015 10:36:19.860 INFO [localhost-startStop-1] org.apache.struts2.config.AbstractBeanSelectionProvider.info Choosing bean (struts) for (org.apache.struts2.components.UrlRenderer)
29-May-2015 10:36:19.861 INFO [localhost-startStop-1] org.apache.struts2.config.AbstractBeanSelectionProvider.info Choosing bean (struts) for (com.opensymphony.xwork2.validator.ActionValidatorManager)
29-May-2015 10:36:19.861 INFO [localhost-startStop-1] org.apache.struts2.config.AbstractBeanSelectionProvider.info Choosing bean (struts) for (com.opensymphony.xwork2.util.ValueStackFactory)
29-May-2015 10:36:19.862 INFO [localhost-startStop-1] org.apache.struts2.config.AbstractBeanSelectionProvider.info Choosing bean (struts) for (com.opensymphony.xwork2.util.reflection.ReflectionProvider)
29-May-2015 10:36:19.862 INFO [localhost-startStop-1] org.apache.struts2.config.AbstractBeanSelectionProvider.info Choosing bean (struts) for (com.opensymphony.xwork2.util.reflection.ReflectionContextFactory)
29-May-2015 10:36:19.862 INFO [localhost-startStop-1] org.apache.struts2.config.AbstractBeanSelectionProvider.info Choosing bean (struts) for (com.opensymphony.xwork2.util.PatternMatcher)
29-May-2015 10:36:19.863 INFO [localhost-startStop-1] org.apache.struts2.config.AbstractBeanSelectionProvider.info Choosing bean (struts) for (org.apache.struts2.dispatcher.StaticContentLoader)
29-May-2015 10:36:19.864 INFO [localhost-startStop-1] org.apache.struts2.config.AbstractBeanSelectionProvider.info Choosing bean (struts) for (com.opensymphony.xwork2.UnknownHandlerManager)
29-May-2015 10:36:19.893 INFO [localhost-startStop-1] org.apache.struts2.config.AbstractBeanSelectionProvider.info Choosing bean (struts) for (org.apache.struts2.views.util.UrlHelper)
29-May-2015 10:36:19.893 INFO [localhost-startStop-1] org.apache.struts2.config.AbstractBeanSelectionProvider.info Choosing bean (struts) for (com.opensymphony.xwork2.util.TextParser)
29-May-2015 10:36:19.894 INFO [localhost-startStop-1] org.apache.struts2.config.AbstractBeanSelectionProvider.info Choosing bean (struts) for (org.apache.struts2.dispatcher.DispatcherErrorHandler)
29-May-2015 10:36:19.894 INFO [localhost-startStop-1] org.apache.struts2.config.AbstractBeanSelectionProvider.info Choosing bean (struts) for (com.opensymphony.xwork2.security.ExcludedPatternsChecker)
29-May-2015 10:36:19.894 INFO [localhost-startStop-1] org.apache.struts2.config.AbstractBeanSelectionProvider.info Choosing bean (struts) for (com.opensymphony.xwork2.security.AcceptedPatternsChecker)
29-May-2015 10:36:19.928 INFO [localhost-startStop-1] org.apache.struts2.spring.StrutsSpringObjectFactory.info Initializing Struts-Spring integration...
29-May-2015 10:36:19.928 INFO [localhost-startStop-1] com.opensymphony.xwork2.spring.SpringObjectFactory.info Setting autowire strategy to name
29-May-2015 10:36:19.929 INFO [localhost-startStop-1] org.apache.struts2.spring.StrutsSpringObjectFactory.info ... initialized Struts-Spring integration successfully
29-May-2015 10:36:22.798 SEVERE [localhost-startStop-1] com.opensymphony.xwork2.util.finder.ClassFinder.error Unable to read class [com.jgeppert.struts2.bootstrap.views.velocity.components.BootstrapAbstractDirective]
 Could not load org/apache/velocity/runtime/directive/Directive.class - [unknown location]
	at com.opensymphony.xwork2.util.finder.ClassFinder.readClassDef(ClassFinder.java:723)
	at com.opensymphony.xwork2.util.finder.ClassFinder.access$400(ClassFinder.java:71)
	at com.opensymphony.xwork2.util.finder.ClassFinder$InfoBuildingClassVisitor.extractSuperInterfaces(ClassFinder.java:770)
	at com.opensymphony.xwork2.util.finder.ClassFinder$InfoBuildingClassVisitor.visit(ClassFinder.java:757)
	at org.objectweb.asm.ClassReader.accept(Unknown Source)
	at org.objectweb.asm.ClassReader.accept(Unknown Source)
	at com.opensymphony.xwork2.util.finder.ClassFinder.readClassDef(ClassFinder.java:718)
	at com.opensymphony.xwork2.util.finder.ClassFinder.access$400(ClassFinder.java:71)
	at com.opensymphony.xwork2.util.finder.ClassFinder$InfoBuildingClassVisitor.extractSuperInterfaces(ClassFinder.java:770)
	at com.opensymphony.xwork2.util.finder.ClassFinder$InfoBuildingClassVisitor.visit(ClassFinder.java:757)
	at org.objectweb.asm.ClassReader.accept(Unknown Source)
	at org.objectweb.asm.ClassReader.accept(Unknown Source)
	at com.opensymphony.xwork2.util.finder.ClassFinder.readClassDef(ClassFinder.java:718)
	at com.opensymphony.xwork2.util.finder.ClassFinder.<init>(ClassFinder.java:113)
	at org.apache.struts2.convention.PackageBasedActionConfigBuilder.findActions(PackageBasedActionConfigBuilder.java:390)
	at org.apache.struts2.convention.PackageBasedActionConfigBuilder.buildActionConfigs(PackageBasedActionConfigBuilder.java:347)
	at org.apache.struts2.convention.ClasspathPackageProvider.loadPackages(ClasspathPackageProvider.java:53)
	at com.opensymphony.xwork2.config.impl.DefaultConfiguration.reloadContainer(DefaultConfiguration.java:274)
	at com.opensymphony.xwork2.config.ConfigurationManager.getConfiguration(ConfigurationManager.java:67)
	at org.apache.struts2.dispatcher.Dispatcher.getContainer(Dispatcher.java:967)
	at org.apache.struts2.dispatcher.Dispatcher.init_PreloadConfiguration(Dispatcher.java:435)
	at org.apache.struts2.dispatcher.Dispatcher.init(Dispatcher.java:479)
	at org.apache.struts2.dispatcher.ng.InitOperations.initDispatcher(InitOperations.java:74)
	at org.apache.struts2.dispatcher.ng.filter.StrutsPrepareAndExecuteFilter.init(StrutsPrepareAndExecuteFilter.java:57)
	at org.apache.catalina.core.ApplicationFilterConfig.initFilter(ApplicationFilterConfig.java:279)
	at org.apache.catalina.core.ApplicationFilterConfig.getFilter(ApplicationFilterConfig.java:260)
	at org.apache.catalina.core.ApplicationFilterConfig.<init>(ApplicationFilterConfig.java:105)
	at org.apache.catalina.core.StandardContext.filterStart(StandardContext.java:4573)
	at org.apache.catalina.core.StandardContext.startInternal(StandardContext.java:5192)
	at org.apache.catalina.util.LifecycleBase.start(LifecycleBase.java:150)
	at org.apache.catalina.core.ContainerBase.addChildInternal(ContainerBase.java:725)
	at org.apache.catalina.core.ContainerBase.addChild(ContainerBase.java:701)
	at org.apache.catalina.core.StandardHost.addChild(StandardHost.java:717)
	at org.apache.catalina.startup.HostConfig.deployDescriptor(HostConfig.java:581)
	at org.apache.catalina.startup.HostConfig$DeployDescriptor.run(HostConfig.java:1720)
	at java.util.concurrent.Executors$RunnableAdapter.call(Executors.java:511)
	at java.util.concurrent.FutureTask.run(FutureTask.java:266)
	at java.util.concurrent.ThreadPoolExecutor.runWorker(ThreadPoolExecutor.java:1142)
	at java.util.concurrent.ThreadPoolExecutor$Worker.run(ThreadPoolExecutor.java:617)
	at java.lang.Thread.run(Thread.java:745)

29-May-2015 10:36:22.891 SEVERE [localhost-startStop-1] com.opensymphony.xwork2.util.finder.ClassFinder.error Unable to read class [org.apache.struts2.StrutsSpringTestCase]
 Could not load junit/framework/TestCase.class - [unknown location]
	at com.opensymphony.xwork2.util.finder.ClassFinder.readClassDef(ClassFinder.java:723)
	at com.opensymphony.xwork2.util.finder.ClassFinder.access$400(ClassFinder.java:71)
	at com.opensymphony.xwork2.util.finder.ClassFinder$InfoBuildingClassVisitor.extractSuperInterfaces(ClassFinder.java:770)
	at com.opensymphony.xwork2.util.finder.ClassFinder$InfoBuildingClassVisitor.visit(ClassFinder.java:757)
	at org.objectweb.asm.ClassReader.accept(Unknown Source)
	at org.objectweb.asm.ClassReader.accept(Unknown Source)
	at com.opensymphony.xwork2.util.finder.ClassFinder.readClassDef(ClassFinder.java:718)
	at com.opensymphony.xwork2.util.finder.ClassFinder.access$400(ClassFinder.java:71)
	at com.opensymphony.xwork2.util.finder.ClassFinder$InfoBuildingClassVisitor.extractSuperInterfaces(ClassFinder.java:770)
	at com.opensymphony.xwork2.util.finder.ClassFinder$InfoBuildingClassVisitor.visit(ClassFinder.java:757)
	at org.objectweb.asm.ClassReader.accept(Unknown Source)
	at org.objectweb.asm.ClassReader.accept(Unknown Source)
	at com.opensymphony.xwork2.util.finder.ClassFinder.readClassDef(ClassFinder.java:718)
	at com.opensymphony.xwork2.util.finder.ClassFinder.access$400(ClassFinder.java:71)
	at com.opensymphony.xwork2.util.finder.ClassFinder$InfoBuildingClassVisitor.extractSuperInterfaces(ClassFinder.java:770)
	at com.opensymphony.xwork2.util.finder.ClassFinder$InfoBuildingClassVisitor.visit(ClassFinder.java:757)
	at org.objectweb.asm.ClassReader.accept(Unknown Source)
	at org.objectweb.asm.ClassReader.accept(Unknown Source)
	at com.opensymphony.xwork2.util.finder.ClassFinder.readClassDef(ClassFinder.java:718)
	at com.opensymphony.xwork2.util.finder.ClassFinder.<init>(ClassFinder.java:113)
	at org.apache.struts2.convention.PackageBasedActionConfigBuilder.findActions(PackageBasedActionConfigBuilder.java:390)
	at org.apache.struts2.convention.PackageBasedActionConfigBuilder.buildActionConfigs(PackageBasedActionConfigBuilder.java:347)
	at org.apache.struts2.convention.ClasspathPackageProvider.loadPackages(ClasspathPackageProvider.java:53)
	at com.opensymphony.xwork2.config.impl.DefaultConfiguration.reloadContainer(DefaultConfiguration.java:274)
	at com.opensymphony.xwork2.config.ConfigurationManager.getConfiguration(ConfigurationManager.java:67)
	at org.apache.struts2.dispatcher.Dispatcher.getContainer(Dispatcher.java:967)
	at org.apache.struts2.dispatcher.Dispatcher.init_PreloadConfiguration(Dispatcher.java:435)
	at org.apache.struts2.dispatcher.Dispatcher.init(Dispatcher.java:479)
	at org.apache.struts2.dispatcher.ng.InitOperations.initDispatcher(InitOperations.java:74)
	at org.apache.struts2.dispatcher.ng.filter.StrutsPrepareAndExecuteFilter.init(StrutsPrepareAndExecuteFilter.java:57)
	at org.apache.catalina.core.ApplicationFilterConfig.initFilter(ApplicationFilterConfig.java:279)
	at org.apache.catalina.core.ApplicationFilterConfig.getFilter(ApplicationFilterConfig.java:260)
	at org.apache.catalina.core.ApplicationFilterConfig.<init>(ApplicationFilterConfig.java:105)
	at org.apache.catalina.core.StandardContext.filterStart(StandardContext.java:4573)
	at org.apache.catalina.core.StandardContext.startInternal(StandardContext.java:5192)
	at org.apache.catalina.util.LifecycleBase.start(LifecycleBase.java:150)
	at org.apache.catalina.core.ContainerBase.addChildInternal(ContainerBase.java:725)
	at org.apache.catalina.core.ContainerBase.addChild(ContainerBase.java:701)
	at org.apache.catalina.core.StandardHost.addChild(StandardHost.java:717)
	at org.apache.catalina.startup.HostConfig.deployDescriptor(HostConfig.java:581)
	at org.apache.catalina.startup.HostConfig$DeployDescriptor.run(HostConfig.java:1720)
	at java.util.concurrent.Executors$RunnableAdapter.call(Executors.java:511)
	at java.util.concurrent.FutureTask.run(FutureTask.java:266)
	at java.util.concurrent.ThreadPoolExecutor.runWorker(ThreadPoolExecutor.java:1142)
	at java.util.concurrent.ThreadPoolExecutor$Worker.run(ThreadPoolExecutor.java:617)
	at java.lang.Thread.run(Thread.java:745)

29-May-2015 10:36:23.104 SEVERE [localhost-startStop-1] com.opensymphony.xwork2.util.finder.ClassFinder.error Error loading class [com.jgeppert.struts2.bootstrap.views.velocity.components.BootstrapAbstractDirective]
 java.lang.NoClassDefFoundError: org/apache/velocity/runtime/directive/Directive
	at java.lang.ClassLoader.defineClass1(Native Method)
	at java.lang.ClassLoader.defineClass(ClassLoader.java:760)
	at java.security.SecureClassLoader.defineClass(SecureClassLoader.java:142)
	at org.apache.catalina.loader.WebappClassLoaderBase.findClassInternal(WebappClassLoaderBase.java:2472)
	at org.apache.catalina.loader.WebappClassLoaderBase.findClass(WebappClassLoaderBase.java:854)
	at org.apache.catalina.loader.WebappClassLoaderBase.loadClass(WebappClassLoaderBase.java:1274)
	at org.apache.catalina.loader.WebappClassLoaderBase.loadClass(WebappClassLoaderBase.java:1157)
	at java.lang.ClassLoader.defineClass1(Native Method)
	at java.lang.ClassLoader.defineClass(ClassLoader.java:760)
	at java.security.SecureClassLoader.defineClass(SecureClassLoader.java:142)
	at org.apache.catalina.loader.WebappClassLoaderBase.findClassInternal(WebappClassLoaderBase.java:2472)
	at org.apache.catalina.loader.WebappClassLoaderBase.findClass(WebappClassLoaderBase.java:854)
	at org.apache.catalina.loader.WebappClassLoaderBase.loadClass(WebappClassLoaderBase.java:1274)
	at org.apache.catalina.loader.WebappClassLoaderBase.loadClass(WebappClassLoaderBase.java:1157)
	at com.opensymphony.xwork2.util.finder.ClassLoaderInterfaceDelegate.loadClass(ClassLoaderInterfaceDelegate.java:34)
	at com.opensymphony.xwork2.util.finder.ClassFinder$ClassInfo.get(ClassFinder.java:563)
	at org.apache.struts2.convention.PackageBasedActionConfigBuilder$3.test(PackageBasedActionConfigBuilder.java:613)
	at org.apache.struts2.convention.PackageBasedActionConfigBuilder$3.test(PackageBasedActionConfigBuilder.java:600)
	at com.opensymphony.xwork2.util.finder.ClassFinder.findClasses(ClassFinder.java:343)
	at org.apache.struts2.convention.PackageBasedActionConfigBuilder.findActions(PackageBasedActionConfigBuilder.java:393)
	at org.apache.struts2.convention.PackageBasedActionConfigBuilder.buildActionConfigs(PackageBasedActionConfigBuilder.java:347)
	at org.apache.struts2.convention.ClasspathPackageProvider.loadPackages(ClasspathPackageProvider.java:53)
	at com.opensymphony.xwork2.config.impl.DefaultConfiguration.reloadContainer(DefaultConfiguration.java:274)
	at com.opensymphony.xwork2.config.ConfigurationManager.getConfiguration(ConfigurationManager.java:67)
	at org.apache.struts2.dispatcher.Dispatcher.getContainer(Dispatcher.java:967)
	at org.apache.struts2.dispatcher.Dispatcher.init_PreloadConfiguration(Dispatcher.java:435)
	at org.apache.struts2.dispatcher.Dispatcher.init(Dispatcher.java:479)
	at org.apache.struts2.dispatcher.ng.InitOperations.initDispatcher(InitOperations.java:74)
	at org.apache.struts2.dispatcher.ng.filter.StrutsPrepareAndExecuteFilter.init(StrutsPrepareAndExecuteFilter.java:57)
	at org.apache.catalina.core.ApplicationFilterConfig.initFilter(ApplicationFilterConfig.java:279)
	at org.apache.catalina.core.ApplicationFilterConfig.getFilter(ApplicationFilterConfig.java:260)
	at org.apache.catalina.core.ApplicationFilterConfig.<init>(ApplicationFilterConfig.java:105)
	at org.apache.catalina.core.StandardContext.filterStart(StandardContext.java:4573)
	at org.apache.catalina.core.StandardContext.startInternal(StandardContext.java:5192)
	at org.apache.catalina.util.LifecycleBase.start(LifecycleBase.java:150)
	at org.apache.catalina.core.ContainerBase.addChildInternal(ContainerBase.java:725)
	at org.apache.catalina.core.ContainerBase.addChild(ContainerBase.java:701)
	at org.apache.catalina.core.StandardHost.addChild(StandardHost.java:717)
	at org.apache.catalina.startup.HostConfig.deployDescriptor(HostConfig.java:581)
	at org.apache.catalina.startup.HostConfig$DeployDescriptor.run(HostConfig.java:1720)
	at java.util.concurrent.Executors$RunnableAdapter.call(Executors.java:511)
	at java.util.concurrent.FutureTask.run(FutureTask.java:266)
	at java.util.concurrent.ThreadPoolExecutor.runWorker(ThreadPoolExecutor.java:1142)
	at java.util.concurrent.ThreadPoolExecutor$Worker.run(ThreadPoolExecutor.java:617)
	at java.lang.Thread.run(Thread.java:745)
Caused by: java.lang.ClassNotFoundException: org.apache.velocity.runtime.directive.Directive
	at org.apache.catalina.loader.WebappClassLoaderBase.loadClass(WebappClassLoaderBase.java:1305)
	at org.apache.catalina.loader.WebappClassLoaderBase.loadClass(WebappClassLoaderBase.java:1157)
	... 45 more

29-May-2015 10:36:24.178 SEVERE [localhost-startStop-1] com.opensymphony.xwork2.util.finder.ClassFinder.error Error loading class [com.jgeppert.struts2.bootstrap.views.velocity.components.HeadDirective]
 java.lang.NoClassDefFoundError: org/apache/velocity/runtime/directive/Directive
	at java.lang.ClassLoader.defineClass1(Native Method)
	at java.lang.ClassLoader.defineClass(ClassLoader.java:760)
	at java.security.SecureClassLoader.defineClass(SecureClassLoader.java:142)
	at org.apache.catalina.loader.WebappClassLoaderBase.findClassInternal(WebappClassLoaderBase.java:2472)
	at org.apache.catalina.loader.WebappClassLoaderBase.findClass(WebappClassLoaderBase.java:854)
	at org.apache.catalina.loader.WebappClassLoaderBase.loadClass(WebappClassLoaderBase.java:1274)
	at org.apache.catalina.loader.WebappClassLoaderBase.loadClass(WebappClassLoaderBase.java:1157)
	at java.lang.ClassLoader.defineClass1(Native Method)
	at java.lang.ClassLoader.defineClass(ClassLoader.java:760)
	at java.security.SecureClassLoader.defineClass(SecureClassLoader.java:142)
	at org.apache.catalina.loader.WebappClassLoaderBase.findClassInternal(WebappClassLoaderBase.java:2472)
	at org.apache.catalina.loader.WebappClassLoaderBase.findClass(WebappClassLoaderBase.java:854)
	at org.apache.catalina.loader.WebappClassLoaderBase.loadClass(WebappClassLoaderBase.java:1274)
	at org.apache.catalina.loader.WebappClassLoaderBase.loadClass(WebappClassLoaderBase.java:1157)
	at java.lang.ClassLoader.defineClass1(Native Method)
	at java.lang.ClassLoader.defineClass(ClassLoader.java:760)
	at java.security.SecureClassLoader.defineClass(SecureClassLoader.java:142)
	at org.apache.catalina.loader.WebappClassLoaderBase.findClassInternal(WebappClassLoaderBase.java:2472)
	at org.apache.catalina.loader.WebappClassLoaderBase.findClass(WebappClassLoaderBase.java:854)
	at org.apache.catalina.loader.WebappClassLoaderBase.loadClass(WebappClassLoaderBase.java:1274)
	at org.apache.catalina.loader.WebappClassLoaderBase.loadClass(WebappClassLoaderBase.java:1157)
	at com.opensymphony.xwork2.util.finder.ClassLoaderInterfaceDelegate.loadClass(ClassLoaderInterfaceDelegate.java:34)
	at com.opensymphony.xwork2.util.finder.ClassFinder$ClassInfo.get(ClassFinder.java:563)
	at org.apache.struts2.convention.PackageBasedActionConfigBuilder$3.test(PackageBasedActionConfigBuilder.java:613)
	at org.apache.struts2.convention.PackageBasedActionConfigBuilder$3.test(PackageBasedActionConfigBuilder.java:600)
	at com.opensymphony.xwork2.util.finder.ClassFinder.findClasses(ClassFinder.java:343)
	at org.apache.struts2.convention.PackageBasedActionConfigBuilder.findActions(PackageBasedActionConfigBuilder.java:393)
	at org.apache.struts2.convention.PackageBasedActionConfigBuilder.buildActionConfigs(PackageBasedActionConfigBuilder.java:347)
	at org.apache.struts2.convention.ClasspathPackageProvider.loadPackages(ClasspathPackageProvider.java:53)
	at com.opensymphony.xwork2.config.impl.DefaultConfiguration.reloadContainer(DefaultConfiguration.java:274)
	at com.opensymphony.xwork2.config.ConfigurationManager.getConfiguration(ConfigurationManager.java:67)
	at org.apache.struts2.dispatcher.Dispatcher.getContainer(Dispatcher.java:967)
	at org.apache.struts2.dispatcher.Dispatcher.init_PreloadConfiguration(Dispatcher.java:435)
	at org.apache.struts2.dispatcher.Dispatcher.init(Dispatcher.java:479)
	at org.apache.struts2.dispatcher.ng.InitOperations.initDispatcher(InitOperations.java:74)
	at org.apache.struts2.dispatcher.ng.filter.StrutsPrepareAndExecuteFilter.init(StrutsPrepareAndExecuteFilter.java:57)
	at org.apache.catalina.core.ApplicationFilterConfig.initFilter(ApplicationFilterConfig.java:279)
	at org.apache.catalina.core.ApplicationFilterConfig.getFilter(ApplicationFilterConfig.java:260)
	at org.apache.catalina.core.ApplicationFilterConfig.<init>(ApplicationFilterConfig.java:105)
	at org.apache.catalina.core.StandardContext.filterStart(StandardContext.java:4573)
	at org.apache.catalina.core.StandardContext.startInternal(StandardContext.java:5192)
	at org.apache.catalina.util.LifecycleBase.start(LifecycleBase.java:150)
	at org.apache.catalina.core.ContainerBase.addChildInternal(ContainerBase.java:725)
	at org.apache.catalina.core.ContainerBase.addChild(ContainerBase.java:701)
	at org.apache.catalina.core.StandardHost.addChild(StandardHost.java:717)
	at org.apache.catalina.startup.HostConfig.deployDescriptor(HostConfig.java:581)
	at org.apache.catalina.startup.HostConfig$DeployDescriptor.run(HostConfig.java:1720)
	at java.util.concurrent.Executors$RunnableAdapter.call(Executors.java:511)
	at java.util.concurrent.FutureTask.run(FutureTask.java:266)
	at java.util.concurrent.ThreadPoolExecutor.runWorker(ThreadPoolExecutor.java:1142)
	at java.util.concurrent.ThreadPoolExecutor$Worker.run(ThreadPoolExecutor.java:617)
	at java.lang.Thread.run(Thread.java:745)
Caused by: java.lang.ClassNotFoundException: org.apache.velocity.runtime.directive.Directive
	at org.apache.catalina.loader.WebappClassLoaderBase.loadClass(WebappClassLoaderBase.java:1305)
	at org.apache.catalina.loader.WebappClassLoaderBase.loadClass(WebappClassLoaderBase.java:1157)
	... 52 more

29-May-2015 10:36:24.327 SEVERE [localhost-startStop-1] com.opensymphony.xwork2.util.finder.ClassFinder.error Error loading class [org.apache.struts2.StrutsSpringTestCase]
 java.lang.NoClassDefFoundError: junit/framework/TestCase
	at java.lang.ClassLoader.defineClass1(Native Method)
	at java.lang.ClassLoader.defineClass(ClassLoader.java:760)
	at java.security.SecureClassLoader.defineClass(SecureClassLoader.java:142)
	at org.apache.catalina.loader.WebappClassLoaderBase.findClassInternal(WebappClassLoaderBase.java:2472)
	at org.apache.catalina.loader.WebappClassLoaderBase.findClass(WebappClassLoaderBase.java:854)
	at org.apache.catalina.loader.WebappClassLoaderBase.loadClass(WebappClassLoaderBase.java:1274)
	at org.apache.catalina.loader.WebappClassLoaderBase.loadClass(WebappClassLoaderBase.java:1157)
	at java.lang.ClassLoader.defineClass1(Native Method)
	at java.lang.ClassLoader.defineClass(ClassLoader.java:760)
	at java.security.SecureClassLoader.defineClass(SecureClassLoader.java:142)
	at org.apache.catalina.loader.WebappClassLoaderBase.findClassInternal(WebappClassLoaderBase.java:2472)
	at org.apache.catalina.loader.WebappClassLoaderBase.findClass(WebappClassLoaderBase.java:854)
	at org.apache.catalina.loader.WebappClassLoaderBase.loadClass(WebappClassLoaderBase.java:1274)
	at org.apache.catalina.loader.WebappClassLoaderBase.loadClass(WebappClassLoaderBase.java:1157)
	at java.lang.ClassLoader.defineClass1(Native Method)
	at java.lang.ClassLoader.defineClass(ClassLoader.java:760)
	at java.security.SecureClassLoader.defineClass(SecureClassLoader.java:142)
	at org.apache.catalina.loader.WebappClassLoaderBase.findClassInternal(WebappClassLoaderBase.java:2472)
	at org.apache.catalina.loader.WebappClassLoaderBase.findClass(WebappClassLoaderBase.java:854)
	at org.apache.catalina.loader.WebappClassLoaderBase.loadClass(WebappClassLoaderBase.java:1274)
	at org.apache.catalina.loader.WebappClassLoaderBase.loadClass(WebappClassLoaderBase.java:1157)
	at com.opensymphony.xwork2.util.finder.ClassLoaderInterfaceDelegate.loadClass(ClassLoaderInterfaceDelegate.java:34)
	at com.opensymphony.xwork2.util.finder.ClassFinder$ClassInfo.get(ClassFinder.java:563)
	at org.apache.struts2.convention.PackageBasedActionConfigBuilder$3.test(PackageBasedActionConfigBuilder.java:613)
	at org.apache.struts2.convention.PackageBasedActionConfigBuilder$3.test(PackageBasedActionConfigBuilder.java:600)
	at com.opensymphony.xwork2.util.finder.ClassFinder.findClasses(ClassFinder.java:343)
	at org.apache.struts2.convention.PackageBasedActionConfigBuilder.findActions(PackageBasedActionConfigBuilder.java:393)
	at org.apache.struts2.convention.PackageBasedActionConfigBuilder.buildActionConfigs(PackageBasedActionConfigBuilder.java:347)
	at org.apache.struts2.convention.ClasspathPackageProvider.loadPackages(ClasspathPackageProvider.java:53)
	at com.opensymphony.xwork2.config.impl.DefaultConfiguration.reloadContainer(DefaultConfiguration.java:274)
	at com.opensymphony.xwork2.config.ConfigurationManager.getConfiguration(ConfigurationManager.java:67)
	at org.apache.struts2.dispatcher.Dispatcher.getContainer(Dispatcher.java:967)
	at org.apache.struts2.dispatcher.Dispatcher.init_PreloadConfiguration(Dispatcher.java:435)
	at org.apache.struts2.dispatcher.Dispatcher.init(Dispatcher.java:479)
	at org.apache.struts2.dispatcher.ng.InitOperations.initDispatcher(InitOperations.java:74)
	at org.apache.struts2.dispatcher.ng.filter.StrutsPrepareAndExecuteFilter.init(StrutsPrepareAndExecuteFilter.java:57)
	at org.apache.catalina.core.ApplicationFilterConfig.initFilter(ApplicationFilterConfig.java:279)
	at org.apache.catalina.core.ApplicationFilterConfig.getFilter(ApplicationFilterConfig.java:260)
	at org.apache.catalina.core.ApplicationFilterConfig.<init>(ApplicationFilterConfig.java:105)
	at org.apache.catalina.core.StandardContext.filterStart(StandardContext.java:4573)
	at org.apache.catalina.core.StandardContext.startInternal(StandardContext.java:5192)
	at org.apache.catalina.util.LifecycleBase.start(LifecycleBase.java:150)
	at org.apache.catalina.core.ContainerBase.addChildInternal(ContainerBase.java:725)
	at org.apache.catalina.core.ContainerBase.addChild(ContainerBase.java:701)
	at org.apache.catalina.core.StandardHost.addChild(StandardHost.java:717)
	at org.apache.catalina.startup.HostConfig.deployDescriptor(HostConfig.java:581)
	at org.apache.catalina.startup.HostConfig$DeployDescriptor.run(HostConfig.java:1720)
	at java.util.concurrent.Executors$RunnableAdapter.call(Executors.java:511)
	at java.util.concurrent.FutureTask.run(FutureTask.java:266)
	at java.util.concurrent.ThreadPoolExecutor.runWorker(ThreadPoolExecutor.java:1142)
	at java.util.concurrent.ThreadPoolExecutor$Worker.run(ThreadPoolExecutor.java:617)
	at java.lang.Thread.run(Thread.java:745)
Caused by: java.lang.ClassNotFoundException: junit.framework.TestCase
	at org.apache.catalina.loader.WebappClassLoaderBase.loadClass(WebappClassLoaderBase.java:1305)
	at org.apache.catalina.loader.WebappClassLoaderBase.loadClass(WebappClassLoaderBase.java:1157)
	... 52 more

29-May-2015 10:36:24.526 SEVERE [localhost-startStop-1] com.opensymphony.xwork2.util.finder.ClassFinder.error Error loading class [org.apache.struts2.StrutsTestCase]
 java.lang.NoClassDefFoundError: junit/framework/TestCase
	at java.lang.ClassLoader.defineClass1(Native Method)
	at java.lang.ClassLoader.defineClass(ClassLoader.java:760)
	at java.security.SecureClassLoader.defineClass(SecureClassLoader.java:142)
	at org.apache.catalina.loader.WebappClassLoaderBase.findClassInternal(WebappClassLoaderBase.java:2472)
	at org.apache.catalina.loader.WebappClassLoaderBase.findClass(WebappClassLoaderBase.java:854)
	at org.apache.catalina.loader.WebappClassLoaderBase.loadClass(WebappClassLoaderBase.java:1274)
	at org.apache.catalina.loader.WebappClassLoaderBase.loadClass(WebappClassLoaderBase.java:1157)
	at java.lang.ClassLoader.defineClass1(Native Method)
	at java.lang.ClassLoader.defineClass(ClassLoader.java:760)
	at java.security.SecureClassLoader.defineClass(SecureClassLoader.java:142)
	at org.apache.catalina.loader.WebappClassLoaderBase.findClassInternal(WebappClassLoaderBase.java:2472)
	at org.apache.catalina.loader.WebappClassLoaderBase.findClass(WebappClassLoaderBase.java:854)
	at org.apache.catalina.loader.WebappClassLoaderBase.loadClass(WebappClassLoaderBase.java:1274)
	at org.apache.catalina.loader.WebappClassLoaderBase.loadClass(WebappClassLoaderBase.java:1157)
	at com.opensymphony.xwork2.util.finder.ClassLoaderInterfaceDelegate.loadClass(ClassLoaderInterfaceDelegate.java:34)
	at com.opensymphony.xwork2.util.finder.ClassFinder$ClassInfo.get(ClassFinder.java:563)
	at org.apache.struts2.convention.PackageBasedActionConfigBuilder$3.test(PackageBasedActionConfigBuilder.java:613)
	at org.apache.struts2.convention.PackageBasedActionConfigBuilder$3.test(PackageBasedActionConfigBuilder.java:600)
	at com.opensymphony.xwork2.util.finder.ClassFinder.findClasses(ClassFinder.java:343)
	at org.apache.struts2.convention.PackageBasedActionConfigBuilder.findActions(PackageBasedActionConfigBuilder.java:393)
	at org.apache.struts2.convention.PackageBasedActionConfigBuilder.buildActionConfigs(PackageBasedActionConfigBuilder.java:347)
	at org.apache.struts2.convention.ClasspathPackageProvider.loadPackages(ClasspathPackageProvider.java:53)
	at com.opensymphony.xwork2.config.impl.DefaultConfiguration.reloadContainer(DefaultConfiguration.java:274)
	at com.opensymphony.xwork2.config.ConfigurationManager.getConfiguration(ConfigurationManager.java:67)
	at org.apache.struts2.dispatcher.Dispatcher.getContainer(Dispatcher.java:967)
	at org.apache.struts2.dispatcher.Dispatcher.init_PreloadConfiguration(Dispatcher.java:435)
	at org.apache.struts2.dispatcher.Dispatcher.init(Dispatcher.java:479)
	at org.apache.struts2.dispatcher.ng.InitOperations.initDispatcher(InitOperations.java:74)
	at org.apache.struts2.dispatcher.ng.filter.StrutsPrepareAndExecuteFilter.init(StrutsPrepareAndExecuteFilter.java:57)
	at org.apache.catalina.core.ApplicationFilterConfig.initFilter(ApplicationFilterConfig.java:279)
	at org.apache.catalina.core.ApplicationFilterConfig.getFilter(ApplicationFilterConfig.java:260)
	at org.apache.catalina.core.ApplicationFilterConfig.<init>(ApplicationFilterConfig.java:105)
	at org.apache.catalina.core.StandardContext.filterStart(StandardContext.java:4573)
	at org.apache.catalina.core.StandardContext.startInternal(StandardContext.java:5192)
	at org.apache.catalina.util.LifecycleBase.start(LifecycleBase.java:150)
	at org.apache.catalina.core.ContainerBase.addChildInternal(ContainerBase.java:725)
	at org.apache.catalina.core.ContainerBase.addChild(ContainerBase.java:701)
	at org.apache.catalina.core.StandardHost.addChild(StandardHost.java:717)
	at org.apache.catalina.startup.HostConfig.deployDescriptor(HostConfig.java:581)
	at org.apache.catalina.startup.HostConfig$DeployDescriptor.run(HostConfig.java:1720)
	at java.util.concurrent.Executors$RunnableAdapter.call(Executors.java:511)
	at java.util.concurrent.FutureTask.run(FutureTask.java:266)
	at java.util.concurrent.ThreadPoolExecutor.runWorker(ThreadPoolExecutor.java:1142)
	at java.util.concurrent.ThreadPoolExecutor$Worker.run(ThreadPoolExecutor.java:617)
	at java.lang.Thread.run(Thread.java:745)
Caused by: java.lang.ClassNotFoundException: junit.framework.TestCase
	at org.apache.catalina.loader.WebappClassLoaderBase.loadClass(WebappClassLoaderBase.java:1305)
	at org.apache.catalina.loader.WebappClassLoaderBase.loadClass(WebappClassLoaderBase.java:1157)
	... 45 more

29-May-2015 10:36:25.763 INFO [localhost-startStop-1] org.apache.catalina.startup.HostConfig.deployDescriptor Deployment of configuration descriptor D:\eclipWindown\eclipse\apache-tomcat-8.0.21\conf\Catalina\localhost\BKLibraryManagement.xml has finished in 22,491 ms
29-May-2015 10:36:25.763 INFO [localhost-startStop-1] org.apache.catalina.startup.HostConfig.deployDescriptor Deploying configuration descriptor D:\eclipWindown\eclipse\apache-tomcat-8.0.21\conf\Catalina\localhost\Demo.xml
29-May-2015 10:36:25.797 WARNING [localhost-startStop-1] org.apache.catalina.startup.SetContextPropertiesRule.begin [SetContextPropertiesRule]{Context} Setting property 'antiJARLocking' to 'true' did not find a matching property.
29-May-2015 10:36:26.038 INFO [localhost-startStop-1] org.apache.catalina.startup.HostConfig.deployDescriptor Deployment of configuration descriptor D:\eclipWindown\eclipse\apache-tomcat-8.0.21\conf\Catalina\localhost\Demo.xml has finished in 275 ms
29-May-2015 10:36:26.039 INFO [localhost-startStop-1] org.apache.catalina.startup.HostConfig.deployDescriptor Deploying configuration descriptor D:\eclipWindown\eclipse\apache-tomcat-8.0.21\conf\Catalina\localhost\WebTutor.xml
29-May-2015 10:36:26.071 WARNING [localhost-startStop-1] org.apache.catalina.startup.SetContextPropertiesRule.begin [SetContextPropertiesRule]{Context} Setting property 'antiJARLocking' to 'true' did not find a matching property.
29-May-2015 10:36:26.439 INFO [localhost-startStop-1] org.apache.catalina.startup.HostConfig.deployDescriptor Deployment of configuration descriptor D:\eclipWindown\eclipse\apache-tomcat-8.0.21\conf\Catalina\localhost\WebTutor.xml has finished in 399 ms
29-May-2015 10:36:26.440 INFO [localhost-startStop-1] org.apache.catalina.startup.HostConfig.deployDirectory Deploying web application directory D:\eclipWindown\eclipse\apache-tomcat-8.0.21\webapps\docs
29-May-2015 10:36:26.503 INFO [localhost-startStop-1] org.apache.catalina.startup.HostConfig.deployDirectory Deployment of web application directory D:\eclipWindown\eclipse\apache-tomcat-8.0.21\webapps\docs has finished in 63 ms
29-May-2015 10:36:26.504 INFO [localhost-startStop-1] org.apache.catalina.startup.HostConfig.deployDirectory Deploying web application directory D:\eclipWindown\eclipse\apache-tomcat-8.0.21\webapps\examples
29-May-2015 10:36:29.555 INFO [localhost-startStop-1] org.apache.catalina.startup.HostConfig.deployDirectory Deployment of web application directory D:\eclipWindown\eclipse\apache-tomcat-8.0.21\webapps\examples has finished in 3,051 ms
29-May-2015 10:36:29.555 INFO [localhost-startStop-1] org.apache.catalina.startup.HostConfig.deployDirectory Deploying web application directory D:\eclipWindown\eclipse\apache-tomcat-8.0.21\webapps\host-manager
29-May-2015 10:36:29.681 INFO [localhost-startStop-1] org.apache.catalina.startup.HostConfig.deployDirectory Deployment of web application directory D:\eclipWindown\eclipse\apache-tomcat-8.0.21\webapps\host-manager has finished in 126 ms
29-May-2015 10:36:29.682 INFO [localhost-startStop-1] org.apache.catalina.startup.HostConfig.deployDirectory Deploying web application directory D:\eclipWindown\eclipse\apache-tomcat-8.0.21\webapps\manager
29-May-2015 10:36:29.799 INFO [localhost-startStop-1] org.apache.catalina.startup.HostConfig.deployDirectory Deployment of web application directory D:\eclipWindown\eclipse\apache-tomcat-8.0.21\webapps\manager has finished in 117 ms
29-May-2015 10:36:29.800 INFO [localhost-startStop-1] org.apache.catalina.startup.HostConfig.deployDirectory Deploying web application directory D:\eclipWindown\eclipse\apache-tomcat-8.0.21\webapps\ROOT
29-May-2015 10:36:29.913 INFO [localhost-startStop-1] org.apache.catalina.startup.HostConfig.deployDirectory Deployment of web application directory D:\eclipWindown\eclipse\apache-tomcat-8.0.21\webapps\ROOT has finished in 112 ms
29-May-2015 10:36:29.926 INFO [main] org.apache.coyote.AbstractProtocol.start Starting ProtocolHandler ["http-nio-8080"]
29-May-2015 10:36:29.972 INFO [main] org.apache.coyote.AbstractProtocol.start Starting ProtocolHandler ["ajp-nio-8009"]
29-May-2015 10:36:29.977 INFO [main] org.apache.catalina.startup.Catalina.start Server startup in 27012 ms
29-May-2015 10:36:33.638 INFO [http-nio-8080-exec-12] org.apache.catalina.core.StandardContext.reload Reloading Context with name [/BKLibraryManagement] has started
29-May-2015 10:36:33.656 INFO [http-nio-8080-exec-12] org.springframework.web.context.support.XmlWebApplicationContext.doClose Closing Root WebApplicationContext: startup date [Fri May 29 10:36:16 ICT 2015]; root of context hierarchy
29-May-2015 10:36:33.681 WARNING [http-nio-8080-exec-12] org.apache.catalina.loader.WebappClassLoaderBase.clearReferencesJdbc The web application [BKLibraryManagement] registered the JDBC driver [com.mysql.jdbc.Driver] but failed to unregister it when the web application was stopped. To prevent a memory leak, the JDBC Driver has been forcibly unregistered.
29-May-2015 10:36:38.381 INFO [http-nio-8080-exec-12] org.springframework.web.context.ContextLoader.initWebApplicationContext Root WebApplicationContext: initialization started
29-May-2015 10:36:38.560 INFO [http-nio-8080-exec-12] org.springframework.web.context.support.XmlWebApplicationContext.prepareRefresh Refreshing Root WebApplicationContext: startup date [Fri May 29 10:36:38 ICT 2015]; root of context hierarchy
29-May-2015 10:36:38.651 INFO [http-nio-8080-exec-12] org.springframework.beans.factory.xml.XmlBeanDefinitionReader.loadBeanDefinitions Loading XML bean definitions from ServletContext resource [/WEB-INF/applicationContext.xml]
29-May-2015 10:36:39.160 INFO [http-nio-8080-exec-12] org.springframework.context.support.PropertySourcesPlaceholderConfigurer.loadProperties Loading properties file from ServletContext resource [/WEB-INF/jdbc.properties]
29-May-2015 10:36:39.534 INFO [http-nio-8080-exec-12] org.springframework.jdbc.datasource.DriverManagerDataSource.setDriverClassName Loaded JDBC driver: com.mysql.jdbc.Driver
29-May-2015 10:36:40.085 INFO [http-nio-8080-exec-12] org.springframework.web.context.ContextLoader.initWebApplicationContext Root WebApplicationContext: initialization completed in 1704 ms
29-May-2015 10:36:40.509 INFO [http-nio-8080-exec-12] com.opensymphony.xwork2.config.providers.XmlConfigurationProvider.info Parsing configuration file [struts-default.xml]
29-May-2015 10:36:40.696 INFO [http-nio-8080-exec-12] com.opensymphony.xwork2.config.providers.XmlConfigurationProvider.info Parsing configuration file [struts-plugin.xml]
29-May-2015 10:36:40.781 INFO [http-nio-8080-exec-12] com.opensymphony.xwork2.config.providers.XmlConfigurationProvider.info Parsing configuration file [struts.xml]
29-May-2015 10:36:40.788 INFO [http-nio-8080-exec-12] org.apache.struts2.config.AbstractBeanSelectionProvider.info Choosing bean (spring) for (com.opensymphony.xwork2.ObjectFactory)
29-May-2015 10:36:40.790 INFO [http-nio-8080-exec-12] org.apache.struts2.config.AbstractBeanSelectionProvider.info Choosing bean (struts) for (com.opensymphony.xwork2.factory.ActionFactory)
29-May-2015 10:36:40.790 INFO [http-nio-8080-exec-12] org.apache.struts2.config.AbstractBeanSelectionProvider.info Choosing bean (struts) for (com.opensymphony.xwork2.factory.ResultFactory)
29-May-2015 10:36:40.792 INFO [http-nio-8080-exec-12] org.apache.struts2.config.AbstractBeanSelectionProvider.info Choosing bean (struts) for (com.opensymphony.xwork2.factory.ConverterFactory)
29-May-2015 10:36:40.792 INFO [http-nio-8080-exec-12] org.apache.struts2.config.AbstractBeanSelectionProvider.info Choosing bean (struts) for (com.opensymphony.xwork2.factory.InterceptorFactory)
29-May-2015 10:36:40.794 INFO [http-nio-8080-exec-12] org.apache.struts2.config.AbstractBeanSelectionProvider.info Choosing bean (struts) for (com.opensymphony.xwork2.factory.ValidatorFactory)
29-May-2015 10:36:40.794 INFO [http-nio-8080-exec-12] org.apache.struts2.config.AbstractBeanSelectionProvider.info Choosing bean (struts) for (com.opensymphony.xwork2.factory.UnknownHandlerFactory)
29-May-2015 10:36:40.795 INFO [http-nio-8080-exec-12] org.apache.struts2.config.AbstractBeanSelectionProvider.info Choosing bean (struts) for (com.opensymphony.xwork2.FileManagerFactory)
29-May-2015 10:36:40.795 INFO [http-nio-8080-exec-12] org.apache.struts2.config.AbstractBeanSelectionProvider.info Choosing bean (struts) for (com.opensymphony.xwork2.conversion.impl.XWorkConverter)
29-May-2015 10:36:40.795 INFO [http-nio-8080-exec-12] org.apache.struts2.config.AbstractBeanSelectionProvider.info Choosing bean (struts) for (com.opensymphony.xwork2.conversion.impl.CollectionConverter)
29-May-2015 10:36:40.797 INFO [http-nio-8080-exec-12] org.apache.struts2.config.AbstractBeanSelectionProvider.info Choosing bean (struts) for (com.opensymphony.xwork2.conversion.impl.ArrayConverter)
29-May-2015 10:36:40.797 INFO [http-nio-8080-exec-12] org.apache.struts2.config.AbstractBeanSelectionProvider.info Choosing bean (struts) for (com.opensymphony.xwork2.conversion.impl.DateConverter)
29-May-2015 10:36:40.797 INFO [http-nio-8080-exec-12] org.apache.struts2.config.AbstractBeanSelectionProvider.info Choosing bean (struts) for (com.opensymphony.xwork2.conversion.impl.NumberConverter)
29-May-2015 10:36:40.798 INFO [http-nio-8080-exec-12] org.apache.struts2.config.AbstractBeanSelectionProvider.info Choosing bean (struts) for (com.opensymphony.xwork2.conversion.impl.StringConverter)
29-May-2015 10:36:40.798 INFO [http-nio-8080-exec-12] org.apache.struts2.config.AbstractBeanSelectionProvider.info Choosing bean (struts) for (com.opensymphony.xwork2.conversion.ConversionPropertiesProcessor)
29-May-2015 10:36:40.799 INFO [http-nio-8080-exec-12] org.apache.struts2.config.AbstractBeanSelectionProvider.info Choosing bean (struts) for (com.opensymphony.xwork2.conversion.ConversionFileProcessor)
29-May-2015 10:36:40.800 INFO [http-nio-8080-exec-12] org.apache.struts2.config.AbstractBeanSelectionProvider.info Choosing bean (struts) for (com.opensymphony.xwork2.conversion.ConversionAnnotationProcessor)
29-May-2015 10:36:40.800 INFO [http-nio-8080-exec-12] org.apache.struts2.config.AbstractBeanSelectionProvider.info Choosing bean (struts) for (com.opensymphony.xwork2.conversion.TypeConverterCreator)
29-May-2015 10:36:40.801 INFO [http-nio-8080-exec-12] org.apache.struts2.config.AbstractBeanSelectionProvider.info Choosing bean (struts) for (com.opensymphony.xwork2.conversion.TypeConverterHolder)
29-May-2015 10:36:40.801 INFO [http-nio-8080-exec-12] org.apache.struts2.config.AbstractBeanSelectionProvider.info Choosing bean (struts) for (com.opensymphony.xwork2.TextProvider)
29-May-2015 10:36:40.802 INFO [http-nio-8080-exec-12] org.apache.struts2.config.AbstractBeanSelectionProvider.info Choosing bean (struts) for (com.opensymphony.xwork2.LocaleProvider)
29-May-2015 10:36:40.809 INFO [http-nio-8080-exec-12] org.apache.struts2.config.AbstractBeanSelectionProvider.info Choosing bean (struts) for (com.opensymphony.xwork2.ActionProxyFactory)
29-May-2015 10:36:40.809 INFO [http-nio-8080-exec-12] org.apache.struts2.config.AbstractBeanSelectionProvider.info Choosing bean (struts) for (com.opensymphony.xwork2.conversion.ObjectTypeDeterminer)
29-May-2015 10:36:40.810 INFO [http-nio-8080-exec-12] org.apache.struts2.config.AbstractBeanSelectionProvider.info Choosing bean (struts) for (org.apache.struts2.dispatcher.mapper.ActionMapper)
29-May-2015 10:36:40.811 INFO [http-nio-8080-exec-12] org.apache.struts2.config.AbstractBeanSelectionProvider.info Choosing bean (jakarta) for (org.apache.struts2.dispatcher.multipart.MultiPartRequest)
29-May-2015 10:36:40.811 INFO [http-nio-8080-exec-12] org.apache.struts2.config.AbstractBeanSelectionProvider.info Choosing bean (struts) for (org.apache.struts2.views.freemarker.FreemarkerManager)
29-May-2015 10:36:40.815 INFO [http-nio-8080-exec-12] org.apache.struts2.config.AbstractBeanSelectionProvider.info Choosing bean (struts) for (org.apache.struts2.components.UrlRenderer)
29-May-2015 10:36:40.815 INFO [http-nio-8080-exec-12] org.apache.struts2.config.AbstractBeanSelectionProvider.info Choosing bean (struts) for (com.opensymphony.xwork2.validator.ActionValidatorManager)
29-May-2015 10:36:40.817 INFO [http-nio-8080-exec-12] org.apache.struts2.config.AbstractBeanSelectionProvider.info Choosing bean (struts) for (com.opensymphony.xwork2.util.ValueStackFactory)
29-May-2015 10:36:40.817 INFO [http-nio-8080-exec-12] org.apache.struts2.config.AbstractBeanSelectionProvider.info Choosing bean (struts) for (com.opensymphony.xwork2.util.reflection.ReflectionProvider)
29-May-2015 10:36:40.817 INFO [http-nio-8080-exec-12] org.apache.struts2.config.AbstractBeanSelectionProvider.info Choosing bean (struts) for (com.opensymphony.xwork2.util.reflection.ReflectionContextFactory)
29-May-2015 10:36:40.818 INFO [http-nio-8080-exec-12] org.apache.struts2.config.AbstractBeanSelectionProvider.info Choosing bean (struts) for (com.opensymphony.xwork2.util.PatternMatcher)
29-May-2015 10:36:40.818 INFO [http-nio-8080-exec-12] org.apache.struts2.config.AbstractBeanSelectionProvider.info Choosing bean (struts) for (org.apache.struts2.dispatcher.StaticContentLoader)
29-May-2015 10:36:40.819 INFO [http-nio-8080-exec-12] org.apache.struts2.config.AbstractBeanSelectionProvider.info Choosing bean (struts) for (com.opensymphony.xwork2.UnknownHandlerManager)
29-May-2015 10:36:40.819 INFO [http-nio-8080-exec-12] org.apache.struts2.config.AbstractBeanSelectionProvider.info Choosing bean (struts) for (org.apache.struts2.views.util.UrlHelper)
29-May-2015 10:36:40.820 INFO [http-nio-8080-exec-12] org.apache.struts2.config.AbstractBeanSelectionProvider.info Choosing bean (struts) for (com.opensymphony.xwork2.util.TextParser)
29-May-2015 10:36:40.820 INFO [http-nio-8080-exec-12] org.apache.struts2.config.AbstractBeanSelectionProvider.info Choosing bean (struts) for (org.apache.struts2.dispatcher.DispatcherErrorHandler)
29-May-2015 10:36:40.820 INFO [http-nio-8080-exec-12] org.apache.struts2.config.AbstractBeanSelectionProvider.info Choosing bean (struts) for (com.opensymphony.xwork2.security.ExcludedPatternsChecker)
29-May-2015 10:36:40.821 INFO [http-nio-8080-exec-12] org.apache.struts2.config.AbstractBeanSelectionProvider.info Choosing bean (struts) for (com.opensymphony.xwork2.security.AcceptedPatternsChecker)
29-May-2015 10:36:40.872 INFO [http-nio-8080-exec-12] org.apache.struts2.spring.StrutsSpringObjectFactory.info Initializing Struts-Spring integration...
29-May-2015 10:36:40.873 INFO [http-nio-8080-exec-12] com.opensymphony.xwork2.spring.SpringObjectFactory.info Setting autowire strategy to name
29-May-2015 10:36:40.873 INFO [http-nio-8080-exec-12] org.apache.struts2.spring.StrutsSpringObjectFactory.info ... initialized Struts-Spring integration successfully
29-May-2015 10:36:42.812 SEVERE [http-nio-8080-exec-12] com.opensymphony.xwork2.util.finder.ClassFinder.error Unable to read class [com.jgeppert.struts2.bootstrap.views.velocity.components.BootstrapAbstractDirective]
 Could not load org/apache/velocity/runtime/directive/Directive.class - [unknown location]
	at com.opensymphony.xwork2.util.finder.ClassFinder.readClassDef(ClassFinder.java:723)
	at com.opensymphony.xwork2.util.finder.ClassFinder.access$400(ClassFinder.java:71)
	at com.opensymphony.xwork2.util.finder.ClassFinder$InfoBuildingClassVisitor.extractSuperInterfaces(ClassFinder.java:770)
	at com.opensymphony.xwork2.util.finder.ClassFinder$InfoBuildingClassVisitor.visit(ClassFinder.java:757)
	at org.objectweb.asm.ClassReader.accept(Unknown Source)
	at org.objectweb.asm.ClassReader.accept(Unknown Source)
	at com.opensymphony.xwork2.util.finder.ClassFinder.readClassDef(ClassFinder.java:718)
	at com.opensymphony.xwork2.util.finder.ClassFinder.access$400(ClassFinder.java:71)
	at com.opensymphony.xwork2.util.finder.ClassFinder$InfoBuildingClassVisitor.extractSuperInterfaces(ClassFinder.java:770)
	at com.opensymphony.xwork2.util.finder.ClassFinder$InfoBuildingClassVisitor.visit(ClassFinder.java:757)
	at org.objectweb.asm.ClassReader.accept(Unknown Source)
	at org.objectweb.asm.ClassReader.accept(Unknown Source)
	at com.opensymphony.xwork2.util.finder.ClassFinder.readClassDef(ClassFinder.java:718)
	at com.opensymphony.xwork2.util.finder.ClassFinder.<init>(ClassFinder.java:113)
	at org.apache.struts2.convention.PackageBasedActionConfigBuilder.findActions(PackageBasedActionConfigBuilder.java:390)
	at org.apache.struts2.convention.PackageBasedActionConfigBuilder.buildActionConfigs(PackageBasedActionConfigBuilder.java:347)
	at org.apache.struts2.convention.ClasspathPackageProvider.loadPackages(ClasspathPackageProvider.java:53)
	at com.opensymphony.xwork2.config.impl.DefaultConfiguration.reloadContainer(DefaultConfiguration.java:274)
	at com.opensymphony.xwork2.config.ConfigurationManager.getConfiguration(ConfigurationManager.java:67)
	at org.apache.struts2.dispatcher.Dispatcher.getContainer(Dispatcher.java:967)
	at org.apache.struts2.dispatcher.Dispatcher.init_PreloadConfiguration(Dispatcher.java:435)
	at org.apache.struts2.dispatcher.Dispatcher.init(Dispatcher.java:479)
	at org.apache.struts2.dispatcher.ng.InitOperations.initDispatcher(InitOperations.java:74)
	at org.apache.struts2.dispatcher.ng.filter.StrutsPrepareAndExecuteFilter.init(StrutsPrepareAndExecuteFilter.java:57)
	at org.apache.catalina.core.ApplicationFilterConfig.initFilter(ApplicationFilterConfig.java:279)
	at org.apache.catalina.core.ApplicationFilterConfig.getFilter(ApplicationFilterConfig.java:260)
	at org.apache.catalina.core.ApplicationFilterConfig.<init>(ApplicationFilterConfig.java:105)
	at org.apache.catalina.core.StandardContext.filterStart(StandardContext.java:4573)
	at org.apache.catalina.core.StandardContext.startInternal(StandardContext.java:5192)
	at org.apache.catalina.util.LifecycleBase.start(LifecycleBase.java:150)
	at org.apache.catalina.core.StandardContext.reload(StandardContext.java:3746)
	at org.apache.catalina.manager.ManagerServlet.reload(ManagerServlet.java:1006)
	at org.apache.catalina.manager.ManagerServlet.doGet(ManagerServlet.java:354)
	at javax.servlet.http.HttpServlet.service(HttpServlet.java:622)
	at javax.servlet.http.HttpServlet.service(HttpServlet.java:729)
	at org.apache.catalina.core.ApplicationFilterChain.internalDoFilter(ApplicationFilterChain.java:291)
	at org.apache.catalina.core.ApplicationFilterChain.doFilter(ApplicationFilterChain.java:206)
	at org.apache.tomcat.websocket.server.WsFilter.doFilter(WsFilter.java:52)
	at org.apache.catalina.core.ApplicationFilterChain.internalDoFilter(ApplicationFilterChain.java:239)
	at org.apache.catalina.core.ApplicationFilterChain.doFilter(ApplicationFilterChain.java:206)
	at org.apache.catalina.filters.SetCharacterEncodingFilter.doFilter(SetCharacterEncodingFilter.java:108)
	at org.apache.catalina.core.ApplicationFilterChain.internalDoFilter(ApplicationFilterChain.java:239)
	at org.apache.catalina.core.ApplicationFilterChain.doFilter(ApplicationFilterChain.java:206)
	at org.apache.catalina.core.StandardWrapperValve.invoke(StandardWrapperValve.java:219)
	at org.apache.catalina.core.StandardContextValve.invoke(StandardContextValve.java:106)
	at org.apache.catalina.authenticator.AuthenticatorBase.invoke(AuthenticatorBase.java:614)
	at org.apache.catalina.core.StandardHostValve.invoke(StandardHostValve.java:142)
	at org.apache.catalina.valves.ErrorReportValve.invoke(ErrorReportValve.java:79)
	at org.apache.catalina.valves.AbstractAccessLogValve.invoke(AbstractAccessLogValve.java:610)
	at org.apache.catalina.core.StandardEngineValve.invoke(StandardEngineValve.java:88)
	at org.apache.catalina.connector.CoyoteAdapter.service(CoyoteAdapter.java:518)
	at org.apache.coyote.http11.AbstractHttp11Processor.process(AbstractHttp11Processor.java:1091)
	at org.apache.coyote.AbstractProtocol$AbstractConnectionHandler.process(AbstractProtocol.java:668)
	at org.apache.coyote.http11.Http11NioProtocol$Http11ConnectionHandler.process(Http11NioProtocol.java:223)
	at org.apache.tomcat.util.net.NioEndpoint$SocketProcessor.doRun(NioEndpoint.java:1517)
	at org.apache.tomcat.util.net.NioEndpoint$SocketProcessor.run(NioEndpoint.java:1474)
	at java.util.concurrent.ThreadPoolExecutor.runWorker(ThreadPoolExecutor.java:1142)
	at java.util.concurrent.ThreadPoolExecutor$Worker.run(ThreadPoolExecutor.java:617)
	at org.apache.tomcat.util.threads.TaskThread$WrappingRunnable.run(TaskThread.java:61)
	at java.lang.Thread.run(Thread.java:745)

29-May-2015 10:36:42.900 SEVERE [http-nio-8080-exec-12] com.opensymphony.xwork2.util.finder.ClassFinder.error Unable to read class [org.apache.struts2.StrutsSpringTestCase]
 Could not load junit/framework/TestCase.class - [unknown location]
	at com.opensymphony.xwork2.util.finder.ClassFinder.readClassDef(ClassFinder.java:723)
	at com.opensymphony.xwork2.util.finder.ClassFinder.access$400(ClassFinder.java:71)
	at com.opensymphony.xwork2.util.finder.ClassFinder$InfoBuildingClassVisitor.extractSuperInterfaces(ClassFinder.java:770)
	at com.opensymphony.xwork2.util.finder.ClassFinder$InfoBuildingClassVisitor.visit(ClassFinder.java:757)
	at org.objectweb.asm.ClassReader.accept(Unknown Source)
	at org.objectweb.asm.ClassReader.accept(Unknown Source)
	at com.opensymphony.xwork2.util.finder.ClassFinder.readClassDef(ClassFinder.java:718)
	at com.opensymphony.xwork2.util.finder.ClassFinder.access$400(ClassFinder.java:71)
	at com.opensymphony.xwork2.util.finder.ClassFinder$InfoBuildingClassVisitor.extractSuperInterfaces(ClassFinder.java:770)
	at com.opensymphony.xwork2.util.finder.ClassFinder$InfoBuildingClassVisitor.visit(ClassFinder.java:757)
	at org.objectweb.asm.ClassReader.accept(Unknown Source)
	at org.objectweb.asm.ClassReader.accept(Unknown Source)
	at com.opensymphony.xwork2.util.finder.ClassFinder.readClassDef(ClassFinder.java:718)
	at com.opensymphony.xwork2.util.finder.ClassFinder.access$400(ClassFinder.java:71)
	at com.opensymphony.xwork2.util.finder.ClassFinder$InfoBuildingClassVisitor.extractSuperInterfaces(ClassFinder.java:770)
	at com.opensymphony.xwork2.util.finder.ClassFinder$InfoBuildingClassVisitor.visit(ClassFinder.java:757)
	at org.objectweb.asm.ClassReader.accept(Unknown Source)
	at org.objectweb.asm.ClassReader.accept(Unknown Source)
	at com.opensymphony.xwork2.util.finder.ClassFinder.readClassDef(ClassFinder.java:718)
	at com.opensymphony.xwork2.util.finder.ClassFinder.<init>(ClassFinder.java:113)
	at org.apache.struts2.convention.PackageBasedActionConfigBuilder.findActions(PackageBasedActionConfigBuilder.java:390)
	at org.apache.struts2.convention.PackageBasedActionConfigBuilder.buildActionConfigs(PackageBasedActionConfigBuilder.java:347)
	at org.apache.struts2.convention.ClasspathPackageProvider.loadPackages(ClasspathPackageProvider.java:53)
	at com.opensymphony.xwork2.config.impl.DefaultConfiguration.reloadContainer(DefaultConfiguration.java:274)
	at com.opensymphony.xwork2.config.ConfigurationManager.getConfiguration(ConfigurationManager.java:67)
	at org.apache.struts2.dispatcher.Dispatcher.getContainer(Dispatcher.java:967)
	at org.apache.struts2.dispatcher.Dispatcher.init_PreloadConfiguration(Dispatcher.java:435)
	at org.apache.struts2.dispatcher.Dispatcher.init(Dispatcher.java:479)
	at org.apache.struts2.dispatcher.ng.InitOperations.initDispatcher(InitOperations.java:74)
	at org.apache.struts2.dispatcher.ng.filter.StrutsPrepareAndExecuteFilter.init(StrutsPrepareAndExecuteFilter.java:57)
	at org.apache.catalina.core.ApplicationFilterConfig.initFilter(ApplicationFilterConfig.java:279)
	at org.apache.catalina.core.ApplicationFilterConfig.getFilter(ApplicationFilterConfig.java:260)
	at org.apache.catalina.core.ApplicationFilterConfig.<init>(ApplicationFilterConfig.java:105)
	at org.apache.catalina.core.StandardContext.filterStart(StandardContext.java:4573)
	at org.apache.catalina.core.StandardContext.startInternal(StandardContext.java:5192)
	at org.apache.catalina.util.LifecycleBase.start(LifecycleBase.java:150)
	at org.apache.catalina.core.StandardContext.reload(StandardContext.java:3746)
	at org.apache.catalina.manager.ManagerServlet.reload(ManagerServlet.java:1006)
	at org.apache.catalina.manager.ManagerServlet.doGet(ManagerServlet.java:354)
	at javax.servlet.http.HttpServlet.service(HttpServlet.java:622)
	at javax.servlet.http.HttpServlet.service(HttpServlet.java:729)
	at org.apache.catalina.core.ApplicationFilterChain.internalDoFilter(ApplicationFilterChain.java:291)
	at org.apache.catalina.core.ApplicationFilterChain.doFilter(ApplicationFilterChain.java:206)
	at org.apache.tomcat.websocket.server.WsFilter.doFilter(WsFilter.java:52)
	at org.apache.catalina.core.ApplicationFilterChain.internalDoFilter(ApplicationFilterChain.java:239)
	at org.apache.catalina.core.ApplicationFilterChain.doFilter(ApplicationFilterChain.java:206)
	at org.apache.catalina.filters.SetCharacterEncodingFilter.doFilter(SetCharacterEncodingFilter.java:108)
	at org.apache.catalina.core.ApplicationFilterChain.internalDoFilter(ApplicationFilterChain.java:239)
	at org.apache.catalina.core.ApplicationFilterChain.doFilter(ApplicationFilterChain.java:206)
	at org.apache.catalina.core.StandardWrapperValve.invoke(StandardWrapperValve.java:219)
	at org.apache.catalina.core.StandardContextValve.invoke(StandardContextValve.java:106)
	at org.apache.catalina.authenticator.AuthenticatorBase.invoke(AuthenticatorBase.java:614)
	at org.apache.catalina.core.StandardHostValve.invoke(StandardHostValve.java:142)
	at org.apache.catalina.valves.ErrorReportValve.invoke(ErrorReportValve.java:79)
	at org.apache.catalina.valves.AbstractAccessLogValve.invoke(AbstractAccessLogValve.java:610)
	at org.apache.catalina.core.StandardEngineValve.invoke(StandardEngineValve.java:88)
	at org.apache.catalina.connector.CoyoteAdapter.service(CoyoteAdapter.java:518)
	at org.apache.coyote.http11.AbstractHttp11Processor.process(AbstractHttp11Processor.java:1091)
	at org.apache.coyote.AbstractProtocol$AbstractConnectionHandler.process(AbstractProtocol.java:668)
	at org.apache.coyote.http11.Http11NioProtocol$Http11ConnectionHandler.process(Http11NioProtocol.java:223)
	at org.apache.tomcat.util.net.NioEndpoint$SocketProcessor.doRun(NioEndpoint.java:1517)
	at org.apache.tomcat.util.net.NioEndpoint$SocketProcessor.run(NioEndpoint.java:1474)
	at java.util.concurrent.ThreadPoolExecutor.runWorker(ThreadPoolExecutor.java:1142)
	at java.util.concurrent.ThreadPoolExecutor$Worker.run(ThreadPoolExecutor.java:617)
	at org.apache.tomcat.util.threads.TaskThread$WrappingRunnable.run(TaskThread.java:61)
	at java.lang.Thread.run(Thread.java:745)

29-May-2015 10:36:43.057 SEVERE [http-nio-8080-exec-12] com.opensymphony.xwork2.util.finder.ClassFinder.error Error loading class [com.jgeppert.struts2.bootstrap.views.velocity.components.BootstrapAbstractDirective]
 java.lang.NoClassDefFoundError: org/apache/velocity/runtime/directive/Directive
	at java.lang.ClassLoader.defineClass1(Native Method)
	at java.lang.ClassLoader.defineClass(ClassLoader.java:760)
	at java.security.SecureClassLoader.defineClass(SecureClassLoader.java:142)
	at org.apache.catalina.loader.WebappClassLoaderBase.findClassInternal(WebappClassLoaderBase.java:2472)
	at org.apache.catalina.loader.WebappClassLoaderBase.findClass(WebappClassLoaderBase.java:854)
	at org.apache.catalina.loader.WebappClassLoaderBase.loadClass(WebappClassLoaderBase.java:1274)
	at org.apache.catalina.loader.WebappClassLoaderBase.loadClass(WebappClassLoaderBase.java:1157)
	at java.lang.ClassLoader.defineClass1(Native Method)
	at java.lang.ClassLoader.defineClass(ClassLoader.java:760)
	at java.security.SecureClassLoader.defineClass(SecureClassLoader.java:142)
	at org.apache.catalina.loader.WebappClassLoaderBase.findClassInternal(WebappClassLoaderBase.java:2472)
	at org.apache.catalina.loader.WebappClassLoaderBase.findClass(WebappClassLoaderBase.java:854)
	at org.apache.catalina.loader.WebappClassLoaderBase.loadClass(WebappClassLoaderBase.java:1274)
	at org.apache.catalina.loader.WebappClassLoaderBase.loadClass(WebappClassLoaderBase.java:1157)
	at com.opensymphony.xwork2.util.finder.ClassLoaderInterfaceDelegate.loadClass(ClassLoaderInterfaceDelegate.java:34)
	at com.opensymphony.xwork2.util.finder.ClassFinder$ClassInfo.get(ClassFinder.java:563)
	at org.apache.struts2.convention.PackageBasedActionConfigBuilder$3.test(PackageBasedActionConfigBuilder.java:613)
	at org.apache.struts2.convention.PackageBasedActionConfigBuilder$3.test(PackageBasedActionConfigBuilder.java:600)
	at com.opensymphony.xwork2.util.finder.ClassFinder.findClasses(ClassFinder.java:343)
	at org.apache.struts2.convention.PackageBasedActionConfigBuilder.findActions(PackageBasedActionConfigBuilder.java:393)
	at org.apache.struts2.convention.PackageBasedActionConfigBuilder.buildActionConfigs(PackageBasedActionConfigBuilder.java:347)
	at org.apache.struts2.convention.ClasspathPackageProvider.loadPackages(ClasspathPackageProvider.java:53)
	at com.opensymphony.xwork2.config.impl.DefaultConfiguration.reloadContainer(DefaultConfiguration.java:274)
	at com.opensymphony.xwork2.config.ConfigurationManager.getConfiguration(ConfigurationManager.java:67)
	at org.apache.struts2.dispatcher.Dispatcher.getContainer(Dispatcher.java:967)
	at org.apache.struts2.dispatcher.Dispatcher.init_PreloadConfiguration(Dispatcher.java:435)
	at org.apache.struts2.dispatcher.Dispatcher.init(Dispatcher.java:479)
	at org.apache.struts2.dispatcher.ng.InitOperations.initDispatcher(InitOperations.java:74)
	at org.apache.struts2.dispatcher.ng.filter.StrutsPrepareAndExecuteFilter.init(StrutsPrepareAndExecuteFilter.java:57)
	at org.apache.catalina.core.ApplicationFilterConfig.initFilter(ApplicationFilterConfig.java:279)
	at org.apache.catalina.core.ApplicationFilterConfig.getFilter(ApplicationFilterConfig.java:260)
	at org.apache.catalina.core.ApplicationFilterConfig.<init>(ApplicationFilterConfig.java:105)
	at org.apache.catalina.core.StandardContext.filterStart(StandardContext.java:4573)
	at org.apache.catalina.core.StandardContext.startInternal(StandardContext.java:5192)
	at org.apache.catalina.util.LifecycleBase.start(LifecycleBase.java:150)
	at org.apache.catalina.core.StandardContext.reload(StandardContext.java:3746)
	at org.apache.catalina.manager.ManagerServlet.reload(ManagerServlet.java:1006)
	at org.apache.catalina.manager.ManagerServlet.doGet(ManagerServlet.java:354)
	at javax.servlet.http.HttpServlet.service(HttpServlet.java:622)
	at javax.servlet.http.HttpServlet.service(HttpServlet.java:729)
	at org.apache.catalina.core.ApplicationFilterChain.internalDoFilter(ApplicationFilterChain.java:291)
	at org.apache.catalina.core.ApplicationFilterChain.doFilter(ApplicationFilterChain.java:206)
	at org.apache.tomcat.websocket.server.WsFilter.doFilter(WsFilter.java:52)
	at org.apache.catalina.core.ApplicationFilterChain.internalDoFilter(ApplicationFilterChain.java:239)
	at org.apache.catalina.core.ApplicationFilterChain.doFilter(ApplicationFilterChain.java:206)
	at org.apache.catalina.filters.SetCharacterEncodingFilter.doFilter(SetCharacterEncodingFilter.java:108)
	at org.apache.catalina.core.ApplicationFilterChain.internalDoFilter(ApplicationFilterChain.java:239)
	at org.apache.catalina.core.ApplicationFilterChain.doFilter(ApplicationFilterChain.java:206)
	at org.apache.catalina.core.StandardWrapperValve.invoke(StandardWrapperValve.java:219)
	at org.apache.catalina.core.StandardContextValve.invoke(StandardContextValve.java:106)
	at org.apache.catalina.authenticator.AuthenticatorBase.invoke(AuthenticatorBase.java:614)
	at org.apache.catalina.core.StandardHostValve.invoke(StandardHostValve.java:142)
	at org.apache.catalina.valves.ErrorReportValve.invoke(ErrorReportValve.java:79)
	at org.apache.catalina.valves.AbstractAccessLogValve.invoke(AbstractAccessLogValve.java:610)
	at org.apache.catalina.core.StandardEngineValve.invoke(StandardEngineValve.java:88)
	at org.apache.catalina.connector.CoyoteAdapter.service(CoyoteAdapter.java:518)
	at org.apache.coyote.http11.AbstractHttp11Processor.process(AbstractHttp11Processor.java:1091)
	at org.apache.coyote.AbstractProtocol$AbstractConnectionHandler.process(AbstractProtocol.java:668)
	at org.apache.coyote.http11.Http11NioProtocol$Http11ConnectionHandler.process(Http11NioProtocol.java:223)
	at org.apache.tomcat.util.net.NioEndpoint$SocketProcessor.doRun(NioEndpoint.java:1517)
	at org.apache.tomcat.util.net.NioEndpoint$SocketProcessor.run(NioEndpoint.java:1474)
	at java.util.concurrent.ThreadPoolExecutor.runWorker(ThreadPoolExecutor.java:1142)
	at java.util.concurrent.ThreadPoolExecutor$Worker.run(ThreadPoolExecutor.java:617)
	at org.apache.tomcat.util.threads.TaskThread$WrappingRunnable.run(TaskThread.java:61)
	at java.lang.Thread.run(Thread.java:745)
Caused by: java.lang.ClassNotFoundException: org.apache.velocity.runtime.directive.Directive
	at org.apache.catalina.loader.WebappClassLoaderBase.loadClass(WebappClassLoaderBase.java:1305)
	at org.apache.catalina.loader.WebappClassLoaderBase.loadClass(WebappClassLoaderBase.java:1157)
	... 65 more

29-May-2015 10:36:43.138 SEVERE [http-nio-8080-exec-12] com.opensymphony.xwork2.util.finder.ClassFinder.error Error loading class [com.jgeppert.struts2.bootstrap.views.velocity.components.HeadDirective]
 java.lang.NoClassDefFoundError: org/apache/velocity/runtime/directive/Directive
	at java.lang.ClassLoader.defineClass1(Native Method)
	at java.lang.ClassLoader.defineClass(ClassLoader.java:760)
	at java.security.SecureClassLoader.defineClass(SecureClassLoader.java:142)
	at org.apache.catalina.loader.WebappClassLoaderBase.findClassInternal(WebappClassLoaderBase.java:2472)
	at org.apache.catalina.loader.WebappClassLoaderBase.findClass(WebappClassLoaderBase.java:854)
	at org.apache.catalina.loader.WebappClassLoaderBase.loadClass(WebappClassLoaderBase.java:1274)
	at org.apache.catalina.loader.WebappClassLoaderBase.loadClass(WebappClassLoaderBase.java:1157)
	at java.lang.ClassLoader.defineClass1(Native Method)
	at java.lang.ClassLoader.defineClass(ClassLoader.java:760)
	at java.security.SecureClassLoader.defineClass(SecureClassLoader.java:142)
	at org.apache.catalina.loader.WebappClassLoaderBase.findClassInternal(WebappClassLoaderBase.java:2472)
	at org.apache.catalina.loader.WebappClassLoaderBase.findClass(WebappClassLoaderBase.java:854)
	at org.apache.catalina.loader.WebappClassLoaderBase.loadClass(WebappClassLoaderBase.java:1274)
	at org.apache.catalina.loader.WebappClassLoaderBase.loadClass(WebappClassLoaderBase.java:1157)
	at java.lang.ClassLoader.defineClass1(Native Method)
	at java.lang.ClassLoader.defineClass(ClassLoader.java:760)
	at java.security.SecureClassLoader.defineClass(SecureClassLoader.java:142)
	at org.apache.catalina.loader.WebappClassLoaderBase.findClassInternal(WebappClassLoaderBase.java:2472)
	at org.apache.catalina.loader.WebappClassLoaderBase.findClass(WebappClassLoaderBase.java:854)
	at org.apache.catalina.loader.WebappClassLoaderBase.loadClass(WebappClassLoaderBase.java:1274)
	at org.apache.catalina.loader.WebappClassLoaderBase.loadClass(WebappClassLoaderBase.java:1157)
	at com.opensymphony.xwork2.util.finder.ClassLoaderInterfaceDelegate.loadClass(ClassLoaderInterfaceDelegate.java:34)
	at com.opensymphony.xwork2.util.finder.ClassFinder$ClassInfo.get(ClassFinder.java:563)
	at org.apache.struts2.convention.PackageBasedActionConfigBuilder$3.test(PackageBasedActionConfigBuilder.java:613)
	at org.apache.struts2.convention.PackageBasedActionConfigBuilder$3.test(PackageBasedActionConfigBuilder.java:600)
	at com.opensymphony.xwork2.util.finder.ClassFinder.findClasses(ClassFinder.java:343)
	at org.apache.struts2.convention.PackageBasedActionConfigBuilder.findActions(PackageBasedActionConfigBuilder.java:393)
	at org.apache.struts2.convention.PackageBasedActionConfigBuilder.buildActionConfigs(PackageBasedActionConfigBuilder.java:347)
	at org.apache.struts2.convention.ClasspathPackageProvider.loadPackages(ClasspathPackageProvider.java:53)
	at com.opensymphony.xwork2.config.impl.DefaultConfiguration.reloadContainer(DefaultConfiguration.java:274)
	at com.opensymphony.xwork2.config.ConfigurationManager.getConfiguration(ConfigurationManager.java:67)
	at org.apache.struts2.dispatcher.Dispatcher.getContainer(Dispatcher.java:967)
	at org.apache.struts2.dispatcher.Dispatcher.init_PreloadConfiguration(Dispatcher.java:435)
	at org.apache.struts2.dispatcher.Dispatcher.init(Dispatcher.java:479)
	at org.apache.struts2.dispatcher.ng.InitOperations.initDispatcher(InitOperations.java:74)
	at org.apache.struts2.dispatcher.ng.filter.StrutsPrepareAndExecuteFilter.init(StrutsPrepareAndExecuteFilter.java:57)
	at org.apache.catalina.core.ApplicationFilterConfig.initFilter(ApplicationFilterConfig.java:279)
	at org.apache.catalina.core.ApplicationFilterConfig.getFilter(ApplicationFilterConfig.java:260)
	at org.apache.catalina.core.ApplicationFilterConfig.<init>(ApplicationFilterConfig.java:105)
	at org.apache.catalina.core.StandardContext.filterStart(StandardContext.java:4573)
	at org.apache.catalina.core.StandardContext.startInternal(StandardContext.java:5192)
	at org.apache.catalina.util.LifecycleBase.start(LifecycleBase.java:150)
	at org.apache.catalina.core.StandardContext.reload(StandardContext.java:3746)
	at org.apache.catalina.manager.ManagerServlet.reload(ManagerServlet.java:1006)
	at org.apache.catalina.manager.ManagerServlet.doGet(ManagerServlet.java:354)
	at javax.servlet.http.HttpServlet.service(HttpServlet.java:622)
	at javax.servlet.http.HttpServlet.service(HttpServlet.java:729)
	at org.apache.catalina.core.ApplicationFilterChain.internalDoFilter(ApplicationFilterChain.java:291)
	at org.apache.catalina.core.ApplicationFilterChain.doFilter(ApplicationFilterChain.java:206)
	at org.apache.tomcat.websocket.server.WsFilter.doFilter(WsFilter.java:52)
	at org.apache.catalina.core.ApplicationFilterChain.internalDoFilter(ApplicationFilterChain.java:239)
	at org.apache.catalina.core.ApplicationFilterChain.doFilter(ApplicationFilterChain.java:206)
	at org.apache.catalina.filters.SetCharacterEncodingFilter.doFilter(SetCharacterEncodingFilter.java:108)
	at org.apache.catalina.core.ApplicationFilterChain.internalDoFilter(ApplicationFilterChain.java:239)
	at org.apache.catalina.core.ApplicationFilterChain.doFilter(ApplicationFilterChain.java:206)
	at org.apache.catalina.core.StandardWrapperValve.invoke(StandardWrapperValve.java:219)
	at org.apache.catalina.core.StandardContextValve.invoke(StandardContextValve.java:106)
	at org.apache.catalina.authenticator.AuthenticatorBase.invoke(AuthenticatorBase.java:614)
	at org.apache.catalina.core.StandardHostValve.invoke(StandardHostValve.java:142)
	at org.apache.catalina.valves.ErrorReportValve.invoke(ErrorReportValve.java:79)
	at org.apache.catalina.valves.AbstractAccessLogValve.invoke(AbstractAccessLogValve.java:610)
	at org.apache.catalina.core.StandardEngineValve.invoke(StandardEngineValve.java:88)
	at org.apache.catalina.connector.CoyoteAdapter.service(CoyoteAdapter.java:518)
	at org.apache.coyote.http11.AbstractHttp11Processor.process(AbstractHttp11Processor.java:1091)
	at org.apache.coyote.AbstractProtocol$AbstractConnectionHandler.process(AbstractProtocol.java:668)
	at org.apache.coyote.http11.Http11NioProtocol$Http11ConnectionHandler.process(Http11NioProtocol.java:223)
	at org.apache.tomcat.util.net.NioEndpoint$SocketProcessor.doRun(NioEndpoint.java:1517)
	at org.apache.tomcat.util.net.NioEndpoint$SocketProcessor.run(NioEndpoint.java:1474)
	at java.util.concurrent.ThreadPoolExecutor.runWorker(ThreadPoolExecutor.java:1142)
	at java.util.concurrent.ThreadPoolExecutor$Worker.run(ThreadPoolExecutor.java:617)
	at org.apache.tomcat.util.threads.TaskThread$WrappingRunnable.run(TaskThread.java:61)
	at java.lang.Thread.run(Thread.java:745)
Caused by: java.lang.ClassNotFoundException: org.apache.velocity.runtime.directive.Directive
	at org.apache.catalina.loader.WebappClassLoaderBase.loadClass(WebappClassLoaderBase.java:1305)
	at org.apache.catalina.loader.WebappClassLoaderBase.loadClass(WebappClassLoaderBase.java:1157)
	... 72 more

29-May-2015 10:36:43.201 SEVERE [http-nio-8080-exec-12] com.opensymphony.xwork2.util.finder.ClassFinder.error Error loading class [org.apache.struts2.StrutsSpringTestCase]
 java.lang.NoClassDefFoundError: junit/framework/TestCase
	at java.lang.ClassLoader.defineClass1(Native Method)
	at java.lang.ClassLoader.defineClass(ClassLoader.java:760)
	at java.security.SecureClassLoader.defineClass(SecureClassLoader.java:142)
	at org.apache.catalina.loader.WebappClassLoaderBase.findClassInternal(WebappClassLoaderBase.java:2472)
	at org.apache.catalina.loader.WebappClassLoaderBase.findClass(WebappClassLoaderBase.java:854)
	at org.apache.catalina.loader.WebappClassLoaderBase.loadClass(WebappClassLoaderBase.java:1274)
	at org.apache.catalina.loader.WebappClassLoaderBase.loadClass(WebappClassLoaderBase.java:1157)
	at java.lang.ClassLoader.defineClass1(Native Method)
	at java.lang.ClassLoader.defineClass(ClassLoader.java:760)
	at java.security.SecureClassLoader.defineClass(SecureClassLoader.java:142)
	at org.apache.catalina.loader.WebappClassLoaderBase.findClassInternal(WebappClassLoaderBase.java:2472)
	at org.apache.catalina.loader.WebappClassLoaderBase.findClass(WebappClassLoaderBase.java:854)
	at org.apache.catalina.loader.WebappClassLoaderBase.loadClass(WebappClassLoaderBase.java:1274)
	at org.apache.catalina.loader.WebappClassLoaderBase.loadClass(WebappClassLoaderBase.java:1157)
	at java.lang.ClassLoader.defineClass1(Native Method)
	at java.lang.ClassLoader.defineClass(ClassLoader.java:760)
	at java.security.SecureClassLoader.defineClass(SecureClassLoader.java:142)
	at org.apache.catalina.loader.WebappClassLoaderBase.findClassInternal(WebappClassLoaderBase.java:2472)
	at org.apache.catalina.loader.WebappClassLoaderBase.findClass(WebappClassLoaderBase.java:854)
	at org.apache.catalina.loader.WebappClassLoaderBase.loadClass(WebappClassLoaderBase.java:1274)
	at org.apache.catalina.loader.WebappClassLoaderBase.loadClass(WebappClassLoaderBase.java:1157)
	at com.opensymphony.xwork2.util.finder.ClassLoaderInterfaceDelegate.loadClass(ClassLoaderInterfaceDelegate.java:34)
	at com.opensymphony.xwork2.util.finder.ClassFinder$ClassInfo.get(ClassFinder.java:563)
	at org.apache.struts2.convention.PackageBasedActionConfigBuilder$3.test(PackageBasedActionConfigBuilder.java:613)
	at org.apache.struts2.convention.PackageBasedActionConfigBuilder$3.test(PackageBasedActionConfigBuilder.java:600)
	at com.opensymphony.xwork2.util.finder.ClassFinder.findClasses(ClassFinder.java:343)
	at org.apache.struts2.convention.PackageBasedActionConfigBuilder.findActions(PackageBasedActionConfigBuilder.java:393)
	at org.apache.struts2.convention.PackageBasedActionConfigBuilder.buildActionConfigs(PackageBasedActionConfigBuilder.java:347)
	at org.apache.struts2.convention.ClasspathPackageProvider.loadPackages(ClasspathPackageProvider.java:53)
	at com.opensymphony.xwork2.config.impl.DefaultConfiguration.reloadContainer(DefaultConfiguration.java:274)
	at com.opensymphony.xwork2.config.ConfigurationManager.getConfiguration(ConfigurationManager.java:67)
	at org.apache.struts2.dispatcher.Dispatcher.getContainer(Dispatcher.java:967)
	at org.apache.struts2.dispatcher.Dispatcher.init_PreloadConfiguration(Dispatcher.java:435)
	at org.apache.struts2.dispatcher.Dispatcher.init(Dispatcher.java:479)
	at org.apache.struts2.dispatcher.ng.InitOperations.initDispatcher(InitOperations.java:74)
	at org.apache.struts2.dispatcher.ng.filter.StrutsPrepareAndExecuteFilter.init(StrutsPrepareAndExecuteFilter.java:57)
	at org.apache.catalina.core.ApplicationFilterConfig.initFilter(ApplicationFilterConfig.java:279)
	at org.apache.catalina.core.ApplicationFilterConfig.getFilter(ApplicationFilterConfig.java:260)
	at org.apache.catalina.core.ApplicationFilterConfig.<init>(ApplicationFilterConfig.java:105)
	at org.apache.catalina.core.StandardContext.filterStart(StandardContext.java:4573)
	at org.apache.catalina.core.StandardContext.startInternal(StandardContext.java:5192)
	at org.apache.catalina.util.LifecycleBase.start(LifecycleBase.java:150)
	at org.apache.catalina.core.StandardContext.reload(StandardContext.java:3746)
	at org.apache.catalina.manager.ManagerServlet.reload(ManagerServlet.java:1006)
	at org.apache.catalina.manager.ManagerServlet.doGet(ManagerServlet.java:354)
	at javax.servlet.http.HttpServlet.service(HttpServlet.java:622)
	at javax.servlet.http.HttpServlet.service(HttpServlet.java:729)
	at org.apache.catalina.core.ApplicationFilterChain.internalDoFilter(ApplicationFilterChain.java:291)
	at org.apache.catalina.core.ApplicationFilterChain.doFilter(ApplicationFilterChain.java:206)
	at org.apache.tomcat.websocket.server.WsFilter.doFilter(WsFilter.java:52)
	at org.apache.catalina.core.ApplicationFilterChain.internalDoFilter(ApplicationFilterChain.java:239)
	at org.apache.catalina.core.ApplicationFilterChain.doFilter(ApplicationFilterChain.java:206)
	at org.apache.catalina.filters.SetCharacterEncodingFilter.doFilter(SetCharacterEncodingFilter.java:108)
	at org.apache.catalina.core.ApplicationFilterChain.internalDoFilter(ApplicationFilterChain.java:239)
	at org.apache.catalina.core.ApplicationFilterChain.doFilter(ApplicationFilterChain.java:206)
	at org.apache.catalina.core.StandardWrapperValve.invoke(StandardWrapperValve.java:219)
	at org.apache.catalina.core.StandardContextValve.invoke(StandardContextValve.java:106)
	at org.apache.catalina.authenticator.AuthenticatorBase.invoke(AuthenticatorBase.java:614)
	at org.apache.catalina.core.StandardHostValve.invoke(StandardHostValve.java:142)
	at org.apache.catalina.valves.ErrorReportValve.invoke(ErrorReportValve.java:79)
	at org.apache.catalina.valves.AbstractAccessLogValve.invoke(AbstractAccessLogValve.java:610)
	at org.apache.catalina.core.StandardEngineValve.invoke(StandardEngineValve.java:88)
	at org.apache.catalina.connector.CoyoteAdapter.service(CoyoteAdapter.java:518)
	at org.apache.coyote.http11.AbstractHttp11Processor.process(AbstractHttp11Processor.java:1091)
	at org.apache.coyote.AbstractProtocol$AbstractConnectionHandler.process(AbstractProtocol.java:668)
	at org.apache.coyote.http11.Http11NioProtocol$Http11ConnectionHandler.process(Http11NioProtocol.java:223)
	at org.apache.tomcat.util.net.NioEndpoint$SocketProcessor.doRun(NioEndpoint.java:1517)
	at org.apache.tomcat.util.net.NioEndpoint$SocketProcessor.run(NioEndpoint.java:1474)
	at java.util.concurrent.ThreadPoolExecutor.runWorker(ThreadPoolExecutor.java:1142)
	at java.util.concurrent.ThreadPoolExecutor$Worker.run(ThreadPoolExecutor.java:617)
	at org.apache.tomcat.util.threads.TaskThread$WrappingRunnable.run(TaskThread.java:61)
	at java.lang.Thread.run(Thread.java:745)
Caused by: java.lang.ClassNotFoundException: junit.framework.TestCase
	at org.apache.catalina.loader.WebappClassLoaderBase.loadClass(WebappClassLoaderBase.java:1305)
	at org.apache.catalina.loader.WebappClassLoaderBase.loadClass(WebappClassLoaderBase.java:1157)
	... 72 more

29-May-2015 10:36:43.313 SEVERE [http-nio-8080-exec-12] com.opensymphony.xwork2.util.finder.ClassFinder.error Error loading class [org.apache.struts2.StrutsTestCase]
 java.lang.NoClassDefFoundError: junit/framework/TestCase
	at java.lang.ClassLoader.defineClass1(Native Method)
	at java.lang.ClassLoader.defineClass(ClassLoader.java:760)
	at java.security.SecureClassLoader.defineClass(SecureClassLoader.java:142)
	at org.apache.catalina.loader.WebappClassLoaderBase.findClassInternal(WebappClassLoaderBase.java:2472)
	at org.apache.catalina.loader.WebappClassLoaderBase.findClass(WebappClassLoaderBase.java:854)
	at org.apache.catalina.loader.WebappClassLoaderBase.loadClass(WebappClassLoaderBase.java:1274)
	at org.apache.catalina.loader.WebappClassLoaderBase.loadClass(WebappClassLoaderBase.java:1157)
	at java.lang.ClassLoader.defineClass1(Native Method)
	at java.lang.ClassLoader.defineClass(ClassLoader.java:760)
	at java.security.SecureClassLoader.defineClass(SecureClassLoader.java:142)
	at org.apache.catalina.loader.WebappClassLoaderBase.findClassInternal(WebappClassLoaderBase.java:2472)
	at org.apache.catalina.loader.WebappClassLoaderBase.findClass(WebappClassLoaderBase.java:854)
	at org.apache.catalina.loader.WebappClassLoaderBase.loadClass(WebappClassLoaderBase.java:1274)
	at org.apache.catalina.loader.WebappClassLoaderBase.loadClass(WebappClassLoaderBase.java:1157)
	at com.opensymphony.xwork2.util.finder.ClassLoaderInterfaceDelegate.loadClass(ClassLoaderInterfaceDelegate.java:34)
	at com.opensymphony.xwork2.util.finder.ClassFinder$ClassInfo.get(ClassFinder.java:563)
	at org.apache.struts2.convention.PackageBasedActionConfigBuilder$3.test(PackageBasedActionConfigBuilder.java:613)
	at org.apache.struts2.convention.PackageBasedActionConfigBuilder$3.test(PackageBasedActionConfigBuilder.java:600)
	at com.opensymphony.xwork2.util.finder.ClassFinder.findClasses(ClassFinder.java:343)
	at org.apache.struts2.convention.PackageBasedActionConfigBuilder.findActions(PackageBasedActionConfigBuilder.java:393)
	at org.apache.struts2.convention.PackageBasedActionConfigBuilder.buildActionConfigs(PackageBasedActionConfigBuilder.java:347)
	at org.apache.struts2.convention.ClasspathPackageProvider.loadPackages(ClasspathPackageProvider.java:53)
	at com.opensymphony.xwork2.config.impl.DefaultConfiguration.reloadContainer(DefaultConfiguration.java:274)
	at com.opensymphony.xwork2.config.ConfigurationManager.getConfiguration(ConfigurationManager.java:67)
	at org.apache.struts2.dispatcher.Dispatcher.getContainer(Dispatcher.java:967)
	at org.apache.struts2.dispatcher.Dispatcher.init_PreloadConfiguration(Dispatcher.java:435)
	at org.apache.struts2.dispatcher.Dispatcher.init(Dispatcher.java:479)
	at org.apache.struts2.dispatcher.ng.InitOperations.initDispatcher(InitOperations.java:74)
	at org.apache.struts2.dispatcher.ng.filter.StrutsPrepareAndExecuteFilter.init(StrutsPrepareAndExecuteFilter.java:57)
	at org.apache.catalina.core.ApplicationFilterConfig.initFilter(ApplicationFilterConfig.java:279)
	at org.apache.catalina.core.ApplicationFilterConfig.getFilter(ApplicationFilterConfig.java:260)
	at org.apache.catalina.core.ApplicationFilterConfig.<init>(ApplicationFilterConfig.java:105)
	at org.apache.catalina.core.StandardContext.filterStart(StandardContext.java:4573)
	at org.apache.catalina.core.StandardContext.startInternal(StandardContext.java:5192)
	at org.apache.catalina.util.LifecycleBase.start(LifecycleBase.java:150)
	at org.apache.catalina.core.StandardContext.reload(StandardContext.java:3746)
	at org.apache.catalina.manager.ManagerServlet.reload(ManagerServlet.java:1006)
	at org.apache.catalina.manager.ManagerServlet.doGet(ManagerServlet.java:354)
	at javax.servlet.http.HttpServlet.service(HttpServlet.java:622)
	at javax.servlet.http.HttpServlet.service(HttpServlet.java:729)
	at org.apache.catalina.core.ApplicationFilterChain.internalDoFilter(ApplicationFilterChain.java:291)
	at org.apache.catalina.core.ApplicationFilterChain.doFilter(ApplicationFilterChain.java:206)
	at org.apache.tomcat.websocket.server.WsFilter.doFilter(WsFilter.java:52)
	at org.apache.catalina.core.ApplicationFilterChain.internalDoFilter(ApplicationFilterChain.java:239)
	at org.apache.catalina.core.ApplicationFilterChain.doFilter(ApplicationFilterChain.java:206)
	at org.apache.catalina.filters.SetCharacterEncodingFilter.doFilter(SetCharacterEncodingFilter.java:108)
	at org.apache.catalina.core.ApplicationFilterChain.internalDoFilter(ApplicationFilterChain.java:239)
	at org.apache.catalina.core.ApplicationFilterChain.doFilter(ApplicationFilterChain.java:206)
	at org.apache.catalina.core.StandardWrapperValve.invoke(StandardWrapperValve.java:219)
	at org.apache.catalina.core.StandardContextValve.invoke(StandardContextValve.java:106)
	at org.apache.catalina.authenticator.AuthenticatorBase.invoke(AuthenticatorBase.java:614)
	at org.apache.catalina.core.StandardHostValve.invoke(StandardHostValve.java:142)
	at org.apache.catalina.valves.ErrorReportValve.invoke(ErrorReportValve.java:79)
	at org.apache.catalina.valves.AbstractAccessLogValve.invoke(AbstractAccessLogValve.java:610)
	at org.apache.catalina.core.StandardEngineValve.invoke(StandardEngineValve.java:88)
	at org.apache.catalina.connector.CoyoteAdapter.service(CoyoteAdapter.java:518)
	at org.apache.coyote.http11.AbstractHttp11Processor.process(AbstractHttp11Processor.java:1091)
	at org.apache.coyote.AbstractProtocol$AbstractConnectionHandler.process(AbstractProtocol.java:668)
	at org.apache.coyote.http11.Http11NioProtocol$Http11ConnectionHandler.process(Http11NioProtocol.java:223)
	at org.apache.tomcat.util.net.NioEndpoint$SocketProcessor.doRun(NioEndpoint.java:1517)
	at org.apache.tomcat.util.net.NioEndpoint$SocketProcessor.run(NioEndpoint.java:1474)
	at java.util.concurrent.ThreadPoolExecutor.runWorker(ThreadPoolExecutor.java:1142)
	at java.util.concurrent.ThreadPoolExecutor$Worker.run(ThreadPoolExecutor.java:617)
	at org.apache.tomcat.util.threads.TaskThread$WrappingRunnable.run(TaskThread.java:61)
	at java.lang.Thread.run(Thread.java:745)
Caused by: java.lang.ClassNotFoundException: junit.framework.TestCase
	at org.apache.catalina.loader.WebappClassLoaderBase.loadClass(WebappClassLoaderBase.java:1305)
	at org.apache.catalina.loader.WebappClassLoaderBase.loadClass(WebappClassLoaderBase.java:1157)
	... 65 more

29-May-2015 10:36:43.787 INFO [38] org.apache.catalina.core.StandardContext.reload Reloading Context with name [/BKLibraryManagement] is completed
29-May-2015 10:50:31.263 INFO [main] org.apache.catalina.core.StandardServer.await A valid shutdown command was received via the shutdown port. Stopping the Server instance.
29-May-2015 10:50:31.265 INFO [main] org.apache.coyote.AbstractProtocol.pause Pausing ProtocolHandler ["http-nio-8080"]
29-May-2015 10:50:31.317 INFO [main] org.apache.coyote.AbstractProtocol.pause Pausing ProtocolHandler ["ajp-nio-8009"]
29-May-2015 10:50:31.369 INFO [main] org.apache.catalina.core.StandardService.stopInternal Stopping service Catalina
29-May-2015 10:50:31.473 INFO [localhost-startStop-2] org.springframework.web.context.support.XmlWebApplicationContext.doClose Closing Root WebApplicationContext: startup date [Fri May 29 10:36:38 ICT 2015]; root of context hierarchy
29-May-2015 10:50:31.488 WARNING [localhost-startStop-2] org.apache.catalina.loader.WebappClassLoaderBase.clearReferencesJdbc The web application [BKLibraryManagement] registered the JDBC driver [com.mysql.jdbc.Driver] but failed to unregister it when the web application was stopped. To prevent a memory leak, the JDBC Driver has been forcibly unregistered.
29-May-2015 10:50:31.608 INFO [main] org.apache.coyote.AbstractProtocol.stop Stopping ProtocolHandler ["http-nio-8080"]
29-May-2015 10:50:31.615 INFO [main] org.apache.coyote.AbstractProtocol.stop Stopping ProtocolHandler ["ajp-nio-8009"]
29-May-2015 10:50:31.684 INFO [main] org.apache.coyote.AbstractProtocol.destroy Destroying ProtocolHandler ["http-nio-8080"]
29-May-2015 10:50:31.687 INFO [main] org.apache.coyote.AbstractProtocol.destroy Destroying ProtocolHandler ["ajp-nio-8009"]
