29-May-2015 10:36:15.856 INFO [localhost-startStop-1] org.apache.catalina.core.ApplicationContext.log No Spring WebApplicationInitializer types detected on classpath
29-May-2015 10:36:15.969 INFO [localhost-startStop-1] org.apache.catalina.core.ApplicationContext.log Initializing Spring root WebApplicationContext
29-May-2015 10:36:29.521 INFO [localhost-startStop-1] org.apache.catalina.core.ApplicationContext.log ContextListener: contextInitialized()
29-May-2015 10:36:29.521 INFO [localhost-startStop-1] org.apache.catalina.core.ApplicationContext.log SessionListener: contextInitialized()
29-May-2015 10:36:33.655 INFO [http-nio-8080-exec-12] org.apache.catalina.core.ApplicationContext.log Closing Spring root WebApplicationContext
29-May-2015 10:36:38.338 INFO [http-nio-8080-exec-12] org.apache.catalina.core.ApplicationContext.log No Spring WebApplicationInitializer types detected on classpath
29-May-2015 10:36:38.380 INFO [http-nio-8080-exec-12] org.apache.catalina.core.ApplicationContext.log Initializing Spring root WebApplicationContext
29-May-2015 10:50:31.472 INFO [localhost-startStop-2] org.apache.catalina.core.ApplicationContext.log Closing Spring root WebApplicationContext
29-May-2015 10:50:31.547 INFO [localhost-startStop-2] org.apache.catalina.core.ApplicationContext.log SessionListener: contextDestroyed()
29-May-2015 10:50:31.548 INFO [localhost-startStop-2] org.apache.catalina.core.ApplicationContext.log ContextListener: contextDestroyed()
29-May-2015 10:50:31.573 SEVERE [localhost-startStop-2] org.apache.catalina.core.ApplicationFilterConfig.release Failed to destroy the filter named [LogFilter] of type [Action.LogFilter]
 java.lang.UnsupportedOperationException: Not supported yet.
	at Action.LogFilter.destroy(LogFilter.java:34)
	at org.apache.catalina.core.ApplicationFilterConfig.release(ApplicationFilterConfig.java:313)
	at org.apache.catalina.core.StandardContext.filterStop(StandardContext.java:4608)
	at org.apache.catalina.core.StandardContext.stopInternal(StandardContext.java:5380)
	at org.apache.catalina.util.LifecycleBase.stop(LifecycleBase.java:232)
	at org.apache.catalina.core.ContainerBase$StopChild.call(ContainerBase.java:1425)
	at org.apache.catalina.core.ContainerBase$StopChild.call(ContainerBase.java:1414)
	at java.util.concurrent.FutureTask.run(FutureTask.java:266)
	at java.util.concurrent.ThreadPoolExecutor.runWorker(ThreadPoolExecutor.java:1142)
	at java.util.concurrent.ThreadPoolExecutor$Worker.run(ThreadPoolExecutor.java:617)
	at java.lang.Thread.run(Thread.java:745)

