06-Jun-2015 17:06:45.038 INFO [localhost-startStop-1] org.apache.catalina.core.ApplicationContext.log No Spring WebApplicationInitializer types detected on classpath
06-Jun-2015 17:06:45.103 INFO [localhost-startStop-1] org.apache.catalina.core.ApplicationContext.log Initializing Spring root WebApplicationContext
06-Jun-2015 17:06:55.552 INFO [localhost-startStop-1] org.apache.catalina.core.ApplicationContext.log ContextListener: contextInitialized()
06-Jun-2015 17:06:55.553 INFO [localhost-startStop-1] org.apache.catalina.core.ApplicationContext.log SessionListener: contextInitialized()
06-Jun-2015 17:08:00.374 INFO [localhost-startStop-2] org.apache.catalina.core.ApplicationContext.log Closing Spring root WebApplicationContext
06-Jun-2015 17:08:00.410 INFO [localhost-startStop-2] org.apache.catalina.core.ApplicationContext.log SessionListener: contextDestroyed()
06-Jun-2015 17:08:00.410 INFO [localhost-startStop-2] org.apache.catalina.core.ApplicationContext.log ContextListener: contextDestroyed()
06-Jun-2015 17:08:00.421 SEVERE [localhost-startStop-2] org.apache.catalina.core.ApplicationFilterConfig.release Failed to destroy the filter named [LogFilter] of type [Action.LogFilter]
 java.lang.UnsupportedOperationException: Not supported yet.
	at Action.LogFilter.destroy(LogFilter.java:34)
	at org.apache.catalina.core.ApplicationFilterConfig.release(ApplicationFilterConfig.java:313)
	at org.apache.catalina.core.StandardContext.filterStop(StandardContext.java:4608)
	at org.apache.catalina.core.StandardContext.stopInternal(StandardContext.java:5380)
	at org.apache.catalina.util.LifecycleBase.stop(LifecycleBase.java:232)
	at org.apache.catalina.core.ContainerBase$StopChild.call(ContainerBase.java:1425)
	at org.apache.catalina.core.ContainerBase$StopChild.call(ContainerBase.java:1414)
	at java.util.concurrent.FutureTask.run(FutureTask.java:266)
	at java.util.concurrent.ThreadPoolExecutor.runWorker(ThreadPoolExecutor.java:1142)
	at java.util.concurrent.ThreadPoolExecutor$Worker.run(ThreadPoolExecutor.java:617)
	at java.lang.Thread.run(Thread.java:745)

