03-Aug-2015 16:20:56.948 INFO [localhost-startStop-1] org.apache.catalina.core.ApplicationContext.log No Spring WebApplicationInitializer types detected on classpath
03-Aug-2015 16:20:57.042 INFO [localhost-startStop-1] org.apache.catalina.core.ApplicationContext.log Initializing Spring root WebApplicationContext
03-Aug-2015 16:21:03.839 INFO [localhost-startStop-1] org.apache.catalina.core.ApplicationContext.log ContextListener: contextInitialized()
03-Aug-2015 16:21:03.839 INFO [localhost-startStop-1] org.apache.catalina.core.ApplicationContext.log SessionListener: contextInitialized()
03-Aug-2015 18:08:10.043 INFO [localhost-startStop-2] org.apache.catalina.core.ApplicationContext.log Closing Spring root WebApplicationContext
03-Aug-2015 18:08:10.105 INFO [localhost-startStop-2] org.apache.catalina.core.ApplicationContext.log SessionListener: contextDestroyed()
03-Aug-2015 18:08:10.105 INFO [localhost-startStop-2] org.apache.catalina.core.ApplicationContext.log ContextListener: contextDestroyed()
03-Aug-2015 18:08:10.121 SEVERE [localhost-startStop-2] org.apache.catalina.core.ApplicationFilterConfig.release Failed to destroy the filter named [LogFilter] of type [Action.LogFilter]
 java.lang.UnsupportedOperationException: Not supported yet.
	at Action.LogFilter.destroy(LogFilter.java:34)
	at org.apache.catalina.core.ApplicationFilterConfig.release(ApplicationFilterConfig.java:313)
	at org.apache.catalina.core.StandardContext.filterStop(StandardContext.java:4608)
	at org.apache.catalina.core.StandardContext.stopInternal(StandardContext.java:5380)
	at org.apache.catalina.util.LifecycleBase.stop(LifecycleBase.java:232)
	at org.apache.catalina.core.ContainerBase$StopChild.call(ContainerBase.java:1425)
	at org.apache.catalina.core.ContainerBase$StopChild.call(ContainerBase.java:1414)
	at java.util.concurrent.FutureTask.run(FutureTask.java:266)
	at java.util.concurrent.ThreadPoolExecutor.runWorker(ThreadPoolExecutor.java:1142)
	at java.util.concurrent.ThreadPoolExecutor$Worker.run(ThreadPoolExecutor.java:617)
	at java.lang.Thread.run(Thread.java:745)

